{"C:\\Users\\creek\\OneDrive\\Documents\\Compx341\\Assignment 4\\COMPX341-assignment-4\\assets\\src\\App.tsx": {"path":"C:\\Users\\creek\\OneDrive\\Documents\\Compx341\\Assignment 4\\COMPX341-assignment-4\\assets\\src\\App.tsx","statementMap":{"0":{"start":{"line":11,"column":22},"end":{"line":11,"column":3931}},"1":{"start":{"line":24,"column":4},"end":{"line":24,"column":17}},"2":{"start":{"line":26,"column":4},"end":{"line":29,"column":6}},"3":{"start":{"line":31,"column":4},"end":{"line":31,"column":37}},"4":{"start":{"line":35,"column":4},"end":{"line":44,"column":5}},"5":{"start":{"line":36,"column":6},"end":{"line":38,"column":7}},"6":{"start":{"line":37,"column":8},"end":{"line":37,"column":40}},"7":{"start":{"line":41,"column":6},"end":{"line":43,"column":7}},"8":{"start":{"line":42,"column":8},"end":{"line":42,"column":17}},"9":{"start":{"line":46,"column":4},"end":{"line":46,"column":47}},"10":{"start":{"line":49,"column":25},"end":{"line":51,"column":3}},"11":{"start":{"line":50,"column":4},"end":{"line":50,"column":54}},"12":{"start":{"line":53,"column":17},"end":{"line":58,"column":3}},"13":{"start":{"line":54,"column":4},"end":{"line":54,"column":25}},"14":{"start":{"line":56,"column":4},"end":{"line":56,"column":37}},"15":{"start":{"line":57,"column":4},"end":{"line":57,"column":38}},"16":{"start":{"line":60,"column":20},"end":{"line":77,"column":3}},"17":{"start":{"line":61,"column":4},"end":{"line":76,"column":15}},"18":{"start":{"line":79,"column":21},"end":{"line":88,"column":3}},"19":{"start":{"line":80,"column":4},"end":{"line":87,"column":15}},"20":{"start":{"line":91,"column":23},"end":{"line":94,"column":5}},"21":{"start":{"line":96,"column":4},"end":{"line":116,"column":6}}},"fnMap":{"0":{"name":"(anonymous_0)","decl":{"start":{"line":23,"column":2},"end":{"line":23,"column":3}},"loc":{"start":{"line":23,"column":31},"end":{"line":32,"column":3}},"line":23},"1":{"name":"(anonymous_1)","decl":{"start":{"line":34,"column":2},"end":{"line":34,"column":3}},"loc":{"start":{"line":34,"column":28},"end":{"line":47,"column":3}},"line":34},"2":{"name":"(anonymous_2)","decl":{"start":{"line":49,"column":25},"end":{"line":49,"column":26}},"loc":{"start":{"line":49,"column":53},"end":{"line":51,"column":3}},"line":49},"3":{"name":"(anonymous_3)","decl":{"start":{"line":53,"column":17},"end":{"line":53,"column":18}},"loc":{"start":{"line":53,"column":29},"end":{"line":58,"column":3}},"line":53},"4":{"name":"(anonymous_4)","decl":{"start":{"line":60,"column":20},"end":{"line":60,"column":21}},"loc":{"start":{"line":61,"column":4},"end":{"line":76,"column":15}},"line":61},"5":{"name":"(anonymous_5)","decl":{"start":{"line":79,"column":21},"end":{"line":79,"column":22}},"loc":{"start":{"line":80,"column":4},"end":{"line":87,"column":15}},"line":80},"6":{"name":"(anonymous_6)","decl":{"start":{"line":90,"column":2},"end":{"line":90,"column":3}},"loc":{"start":{"line":90,"column":11},"end":{"line":117,"column":3}},"line":90}},"branchMap":{"0":{"loc":{"start":{"line":36,"column":6},"end":{"line":38,"column":7}},"type":"if","locations":[{"start":{"line":36,"column":6},"end":{"line":38,"column":7}},{"start":{"line":36,"column":6},"end":{"line":38,"column":7}}],"line":36},"1":{"loc":{"start":{"line":41,"column":6},"end":{"line":43,"column":7}},"type":"if","locations":[{"start":{"line":41,"column":6},"end":{"line":43,"column":7}},{"start":{"line":41,"column":6},"end":{"line":43,"column":7}}],"line":41},"2":{"loc":{"start":{"line":97,"column":6},"end":{"line":115,"column":12}},"type":"binary-expr","locations":[{"start":{"line":97,"column":6},"end":{"line":97,"column":34}},{"start":{"line":98,"column":6},"end":{"line":115,"column":12}}],"line":97},"3":{"loc":{"start":{"line":110,"column":15},"end":{"line":110,"column":92}},"type":"cond-expr","locations":[{"start":{"line":110,"column":44},"end":{"line":110,"column":66}},{"start":{"line":110,"column":69},"end":{"line":110,"column":92}}],"line":110}},"s":{"0":0,"1":0,"2":0,"3":0,"4":0,"5":0,"6":0,"7":0,"8":0,"9":0,"10":0,"11":0,"12":0,"13":0,"14":0,"15":0,"16":0,"17":0,"18":0,"19":0,"20":0,"21":0},"f":{"0":0,"1":0,"2":0,"3":0,"4":0,"5":0,"6":0},"b":{"0":[0,0],"1":[0,0],"2":[0,0],"3":[0,0]},"hash":"49fd35bcf8794033ed73d5f4319e321bb96dca75"}
,"C:\\Users\\creek\\OneDrive\\Documents\\Compx341\\Assignment 4\\COMPX341-assignment-4\\assets\\src\\Routes.tsx": {"path":"C:\\Users\\creek\\OneDrive\\Documents\\Compx341\\Assignment 4\\COMPX341-assignment-4\\assets\\src\\Routes.tsx","statementMap":{"0":{"start":{"line":23,"column":45},"end":{"line":36,"column":11}},"1":{"start":{"line":24,"column":2},"end":{"line":36,"column":11}}},"fnMap":{"0":{"name":"(anonymous_0)","decl":{"start":{"line":23,"column":45},"end":{"line":23,"column":46}},"loc":{"start":{"line":24,"column":2},"end":{"line":36,"column":11}},"line":24}},"branchMap":{},"s":{"0":0,"1":0},"f":{"0":0},"b":{},"hash":"a5307791b474f04e382995ac1f90c355f52701de"}
,"C:\\Users\\creek\\OneDrive\\Documents\\Compx341\\Assignment 4\\COMPX341-assignment-4\\assets\\src\\config.ts": {"path":"C:\\Users\\creek\\OneDrive\\Documents\\Compx341\\Assignment 4\\COMPX341-assignment-4\\assets\\src\\config.ts","statementMap":{},"fnMap":{},"branchMap":{},"s":{},"f":{},"b":{},"hash":"28838130f5df2d8ddc062b91fffb8b5f639a59ea"}
,"C:\\Users\\creek\\OneDrive\\Documents\\Compx341\\Assignment 4\\COMPX341-assignment-4\\assets\\src\\index.tsx": {"path":"C:\\Users\\creek\\OneDrive\\Documents\\Compx341\\Assignment 4\\COMPX341-assignment-4\\assets\\src\\index.tsx","statementMap":{"0":{"start":{"line":15,"column":0},"end":{"line":57,"column":3}},"1":{"start":{"line":59,"column":0},"end":{"line":64,"column":2}},"2":{"start":{"line":65,"column":0},"end":{"line":65,"column":24}}},"fnMap":{},"branchMap":{},"s":{"0":0,"1":0,"2":0},"f":{},"b":{},"hash":"da92a723ca15b09c3f5accb5b40bca0e65721255"}
,"C:\\Users\\creek\\OneDrive\\Documents\\Compx341\\Assignment 4\\COMPX341-assignment-4\\assets\\src\\registerServiceWorker.ts": {"path":"C:\\Users\\creek\\OneDrive\\Documents\\Compx341\\Assignment 4\\COMPX341-assignment-4\\assets\\src\\registerServiceWorker.ts","statementMap":{"0":{"start":{"line":13,"column":20},"end":{"line":21,"column":1}},"1":{"start":{"line":24,"column":2},"end":{"line":54,"column":3}},"2":{"start":{"line":26,"column":22},"end":{"line":26,"column":81}},"3":{"start":{"line":27,"column":4},"end":{"line":32,"column":5}},"4":{"start":{"line":31,"column":6},"end":{"line":31,"column":13}},"5":{"start":{"line":34,"column":4},"end":{"line":53,"column":7}},"6":{"start":{"line":35,"column":20},"end":{"line":35,"column":65}},"7":{"start":{"line":37,"column":6},"end":{"line":52,"column":7}},"8":{"start":{"line":39,"column":8},"end":{"line":39,"column":39}},"9":{"start":{"line":43,"column":8},"end":{"line":48,"column":11}},"10":{"start":{"line":44,"column":10},"end":{"line":47,"column":12}},"11":{"start":{"line":51,"column":8},"end":{"line":51,"column":31}},"12":{"start":{"line":58,"column":2},"end":{"line":85,"column":7}},"13":{"start":{"line":61,"column":6},"end":{"line":81,"column":8}},"14":{"start":{"line":62,"column":33},"end":{"line":62,"column":56}},"15":{"start":{"line":63,"column":8},"end":{"line":80,"column":9}},"16":{"start":{"line":64,"column":10},"end":{"line":79,"column":12}},"17":{"start":{"line":65,"column":12},"end":{"line":78,"column":13}},"18":{"start":{"line":66,"column":14},"end":{"line":77,"column":15}},"19":{"start":{"line":71,"column":16},"end":{"line":71,"column":73}},"20":{"start":{"line":76,"column":16},"end":{"line":76,"column":66}},"21":{"start":{"line":84,"column":6},"end":{"line":84,"column":72}},"22":{"start":{"line":90,"column":2},"end":{"line":112,"column":7}},"23":{"start":{"line":93,"column":6},"end":{"line":106,"column":7}},"24":{"start":{"line":98,"column":8},"end":{"line":102,"column":11}},"25":{"start":{"line":99,"column":10},"end":{"line":101,"column":13}},"26":{"start":{"line":100,"column":12},"end":{"line":100,"column":37}},"27":{"start":{"line":105,"column":8},"end":{"line":105,"column":31}},"28":{"start":{"line":109,"column":6},"end":{"line":111,"column":8}},"29":{"start":{"line":116,"column":2},"end":{"line":120,"column":3}},"30":{"start":{"line":117,"column":4},"end":{"line":119,"column":7}},"31":{"start":{"line":118,"column":6},"end":{"line":118,"column":32}}},"fnMap":{"0":{"name":"register","decl":{"start":{"line":23,"column":24},"end":{"line":23,"column":32}},"loc":{"start":{"line":23,"column":35},"end":{"line":55,"column":1}},"line":23},"1":{"name":"(anonymous_1)","decl":{"start":{"line":34,"column":36},"end":{"line":34,"column":37}},"loc":{"start":{"line":34,"column":42},"end":{"line":53,"column":5}},"line":34},"2":{"name":"(anonymous_2)","decl":{"start":{"line":43,"column":43},"end":{"line":43,"column":44}},"loc":{"start":{"line":43,"column":49},"end":{"line":48,"column":9}},"line":43},"3":{"name":"registerValidSW","decl":{"start":{"line":57,"column":9},"end":{"line":57,"column":24}},"loc":{"start":{"line":57,"column":40},"end":{"line":86,"column":1}},"line":57},"4":{"name":"(anonymous_4)","decl":{"start":{"line":60,"column":10},"end":{"line":60,"column":11}},"loc":{"start":{"line":60,"column":26},"end":{"line":82,"column":5}},"line":60},"5":{"name":"(anonymous_5)","decl":{"start":{"line":61,"column":35},"end":{"line":61,"column":36}},"loc":{"start":{"line":61,"column":41},"end":{"line":81,"column":7}},"line":61},"6":{"name":"(anonymous_6)","decl":{"start":{"line":64,"column":43},"end":{"line":64,"column":44}},"loc":{"start":{"line":64,"column":49},"end":{"line":79,"column":11}},"line":64},"7":{"name":"(anonymous_7)","decl":{"start":{"line":83,"column":11},"end":{"line":83,"column":12}},"loc":{"start":{"line":83,"column":20},"end":{"line":85,"column":5}},"line":83},"8":{"name":"checkValidServiceWorker","decl":{"start":{"line":88,"column":9},"end":{"line":88,"column":32}},"loc":{"start":{"line":88,"column":48},"end":{"line":113,"column":1}},"line":88},"9":{"name":"(anonymous_9)","decl":{"start":{"line":91,"column":10},"end":{"line":91,"column":11}},"loc":{"start":{"line":91,"column":22},"end":{"line":107,"column":5}},"line":91},"10":{"name":"(anonymous_10)","decl":{"start":{"line":98,"column":43},"end":{"line":98,"column":44}},"loc":{"start":{"line":98,"column":59},"end":{"line":102,"column":9}},"line":98},"11":{"name":"(anonymous_11)","decl":{"start":{"line":99,"column":41},"end":{"line":99,"column":42}},"loc":{"start":{"line":99,"column":47},"end":{"line":101,"column":11}},"line":99},"12":{"name":"(anonymous_12)","decl":{"start":{"line":108,"column":11},"end":{"line":108,"column":12}},"loc":{"start":{"line":108,"column":17},"end":{"line":112,"column":5}},"line":108},"13":{"name":"unregister","decl":{"start":{"line":115,"column":16},"end":{"line":115,"column":26}},"loc":{"start":{"line":115,"column":29},"end":{"line":121,"column":1}},"line":115},"14":{"name":"(anonymous_14)","decl":{"start":{"line":117,"column":39},"end":{"line":117,"column":40}},"loc":{"start":{"line":117,"column":55},"end":{"line":119,"column":5}},"line":117}},"branchMap":{"0":{"loc":{"start":{"line":14,"column":2},"end":{"line":20,"column":5}},"type":"binary-expr","locations":[{"start":{"line":14,"column":2},"end":{"line":14,"column":42}},{"start":{"line":16,"column":4},"end":{"line":16,"column":40}},{"start":{"line":18,"column":4},"end":{"line":20,"column":5}}],"line":14},"1":{"loc":{"start":{"line":24,"column":2},"end":{"line":54,"column":3}},"type":"if","locations":[{"start":{"line":24,"column":2},"end":{"line":54,"column":3}},{"start":{"line":24,"column":2},"end":{"line":54,"column":3}}],"line":24},"2":{"loc":{"start":{"line":24,"column":6},"end":{"line":24,"column":75}},"type":"binary-expr","locations":[{"start":{"line":24,"column":6},"end":{"line":24,"column":43}},{"start":{"line":24,"column":47},"end":{"line":24,"column":75}}],"line":24},"3":{"loc":{"start":{"line":27,"column":4},"end":{"line":32,"column":5}},"type":"if","locations":[{"start":{"line":27,"column":4},"end":{"line":32,"column":5}},{"start":{"line":27,"column":4},"end":{"line":32,"column":5}}],"line":27},"4":{"loc":{"start":{"line":37,"column":6},"end":{"line":52,"column":7}},"type":"if","locations":[{"start":{"line":37,"column":6},"end":{"line":52,"column":7}},{"start":{"line":37,"column":6},"end":{"line":52,"column":7}}],"line":37},"5":{"loc":{"start":{"line":63,"column":8},"end":{"line":80,"column":9}},"type":"if","locations":[{"start":{"line":63,"column":8},"end":{"line":80,"column":9}},{"start":{"line":63,"column":8},"end":{"line":80,"column":9}}],"line":63},"6":{"loc":{"start":{"line":65,"column":12},"end":{"line":78,"column":13}},"type":"if","locations":[{"start":{"line":65,"column":12},"end":{"line":78,"column":13}},{"start":{"line":65,"column":12},"end":{"line":78,"column":13}}],"line":65},"7":{"loc":{"start":{"line":66,"column":14},"end":{"line":77,"column":15}},"type":"if","locations":[{"start":{"line":66,"column":14},"end":{"line":77,"column":15}},{"start":{"line":66,"column":14},"end":{"line":77,"column":15}}],"line":66},"8":{"loc":{"start":{"line":93,"column":6},"end":{"line":106,"column":7}},"type":"if","locations":[{"start":{"line":93,"column":6},"end":{"line":106,"column":7}},{"start":{"line":93,"column":6},"end":{"line":106,"column":7}}],"line":93},"9":{"loc":{"start":{"line":94,"column":8},"end":{"line":95,"column":74}},"type":"binary-expr","locations":[{"start":{"line":94,"column":8},"end":{"line":94,"column":31}},{"start":{"line":95,"column":8},"end":{"line":95,"column":74}}],"line":94},"10":{"loc":{"start":{"line":116,"column":2},"end":{"line":120,"column":3}},"type":"if","locations":[{"start":{"line":116,"column":2},"end":{"line":120,"column":3}},{"start":{"line":116,"column":2},"end":{"line":120,"column":3}}],"line":116}},"s":{"0":0,"1":0,"2":0,"3":0,"4":0,"5":0,"6":0,"7":0,"8":0,"9":0,"10":0,"11":0,"12":0,"13":0,"14":0,"15":0,"16":0,"17":0,"18":0,"19":0,"20":0,"21":0,"22":0,"23":0,"24":0,"25":0,"26":0,"27":0,"28":0,"29":0,"30":0,"31":0},"f":{"0":0,"1":0,"2":0,"3":0,"4":0,"5":0,"6":0,"7":0,"8":0,"9":0,"10":0,"11":0,"12":0,"13":0,"14":0},"b":{"0":[0,0,0],"1":[0,0],"2":[0,0],"3":[0,0],"4":[0,0],"5":[0,0],"6":[0,0],"7":[0,0],"8":[0,0],"9":[0,0],"10":[0,0]},"hash":"78a2fe4859ab2637e27678e70e9b9f072d424210"}
,"C:\\Users\\creek\\OneDrive\\Documents\\Compx341\\Assignment 4\\COMPX341-assignment-4\\assets\\src\\common\\AddToCart.tsx": {"path":"C:\\Users\\creek\\OneDrive\\Documents\\Compx341\\Assignment 4\\COMPX341-assignment-4\\assets\\src\\common\\AddToCart.tsx","statementMap":{"0":{"start":{"line":21,"column":4},"end":{"line":21,"column":17}},"1":{"start":{"line":23,"column":4},"end":{"line":26,"column":6}},"2":{"start":{"line":29,"column":16},"end":{"line":57,"column":3}},"3":{"start":{"line":30,"column":4},"end":{"line":30,"column":37}},"4":{"start":{"line":31,"column":23},"end":{"line":31,"column":80}},"5":{"start":{"line":34,"column":4},"end":{"line":56,"column":5}},"6":{"start":{"line":35,"column":6},"end":{"line":42,"column":10}},"7":{"start":{"line":40,"column":20},"end":{"line":42,"column":8}},"8":{"start":{"line":47,"column":6},"end":{"line":55,"column":10}},"9":{"start":{"line":53,"column":20},"end":{"line":55,"column":8}},"10":{"start":{"line":59,"column":15},"end":{"line":62,"column":3}},"11":{"start":{"line":60,"column":16},"end":{"line":60,"column":31}},"12":{"start":{"line":61,"column":4},"end":{"line":61,"column":119}},"13":{"start":{"line":65,"column":4},"end":{"line":65,"column":57}},"14":{"start":{"line":65,"column":27},"end":{"line":65,"column":57}},"15":{"start":{"line":67,"column":4},"end":{"line":76,"column":6}}},"fnMap":{"0":{"name":"(anonymous_0)","decl":{"start":{"line":20,"column":2},"end":{"line":20,"column":3}},"loc":{"start":{"line":20,"column":37},"end":{"line":27,"column":3}},"line":20},"1":{"name":"(anonymous_1)","decl":{"start":{"line":29,"column":16},"end":{"line":29,"column":17}},"loc":{"start":{"line":29,"column":28},"end":{"line":57,"column":3}},"line":29},"2":{"name":"(anonymous_2)","decl":{"start":{"line":40,"column":14},"end":{"line":40,"column":15}},"loc":{"start":{"line":40,"column":20},"end":{"line":42,"column":8}},"line":40},"3":{"name":"(anonymous_3)","decl":{"start":{"line":53,"column":14},"end":{"line":53,"column":15}},"loc":{"start":{"line":53,"column":20},"end":{"line":55,"column":8}},"line":53},"4":{"name":"(anonymous_4)","decl":{"start":{"line":59,"column":15},"end":{"line":59,"column":16}},"loc":{"start":{"line":59,"column":21},"end":{"line":62,"column":3}},"line":59},"5":{"name":"(anonymous_5)","decl":{"start":{"line":64,"column":2},"end":{"line":64,"column":3}},"loc":{"start":{"line":64,"column":11},"end":{"line":77,"column":3}},"line":64}},"branchMap":{"0":{"loc":{"start":{"line":34,"column":4},"end":{"line":56,"column":5}},"type":"if","locations":[{"start":{"line":34,"column":4},"end":{"line":56,"column":5}},{"start":{"line":34,"column":4},"end":{"line":56,"column":5}}],"line":34},"1":{"loc":{"start":{"line":61,"column":11},"end":{"line":61,"column":118}},"type":"cond-expr","locations":[{"start":{"line":61,"column":67},"end":{"line":61,"column":94}},{"start":{"line":61,"column":97},"end":{"line":61,"column":118}}],"line":61},"2":{"loc":{"start":{"line":61,"column":11},"end":{"line":61,"column":64}},"type":"binary-expr","locations":[{"start":{"line":61,"column":11},"end":{"line":61,"column":29}},{"start":{"line":61,"column":33},"end":{"line":61,"column":64}}],"line":61},"3":{"loc":{"start":{"line":65,"column":4},"end":{"line":65,"column":57}},"type":"if","locations":[{"start":{"line":65,"column":4},"end":{"line":65,"column":57}},{"start":{"line":65,"column":4},"end":{"line":65,"column":57}}],"line":65},"4":{"loc":{"start":{"line":73,"column":9},"end":{"line":73,"column":81}},"type":"binary-expr","locations":[{"start":{"line":73,"column":9},"end":{"line":73,"column":27}},{"start":{"line":73,"column":31},"end":{"line":73,"column":81}}],"line":73},"5":{"loc":{"start":{"line":74,"column":9},"end":{"line":74,"column":72}},"type":"cond-expr","locations":[{"start":{"line":74,"column":45},"end":{"line":74,"column":56}},{"start":{"line":74,"column":59},"end":{"line":74,"column":72}}],"line":74}},"s":{"0":0,"1":0,"2":0,"3":0,"4":0,"5":0,"6":0,"7":0,"8":0,"9":0,"10":0,"11":0,"12":0,"13":0,"14":0,"15":0},"f":{"0":0,"1":0,"2":0,"3":0,"4":0,"5":0},"b":{"0":[0,0],"1":[0,0],"2":[0,0],"3":[0,0],"4":[0,0],"5":[0,0]},"_coverageSchema":"43e27e138ebf9cfc5966b082cf9a028302ed4184","hash":"d428fea377306ed8ed9a2b8321be13d369d56a7b"}
,"C:\\Users\\creek\\OneDrive\\Documents\\Compx341\\Assignment 4\\COMPX341-assignment-4\\assets\\src\\common\\PropsRoute.tsx": {"path":"C:\\Users\\creek\\OneDrive\\Documents\\Compx341\\Assignment 4\\COMPX341-assignment-4\\assets\\src\\common\\PropsRoute.tsx","statementMap":{"0":{"start":{"line":8,"column":2},"end":{"line":8,"column":68}},"1":{"start":{"line":8,"column":36},"end":{"line":8,"column":64}}},"fnMap":{"0":{"name":"(anonymous_0)","decl":{"start":{"line":7,"column":15},"end":{"line":7,"column":16}},"loc":{"start":{"line":8,"column":2},"end":{"line":8,"column":68}},"line":8},"1":{"name":"(anonymous_1)","decl":{"start":{"line":8,"column":27},"end":{"line":8,"column":28}},"loc":{"start":{"line":8,"column":36},"end":{"line":8,"column":64}},"line":8}},"branchMap":{},"s":{"0":0,"1":0},"f":{"0":0,"1":0},"b":{},"hash":"6beb04cd340b6119638c8618d7852a2757851781"}
,"C:\\Users\\creek\\OneDrive\\Documents\\Compx341\\Assignment 4\\COMPX341-assignment-4\\assets\\src\\common\\friendRecommendations\\FriendRecommendations.tsx": {"path":"C:\\Users\\creek\\OneDrive\\Documents\\Compx341\\Assignment 4\\COMPX341-assignment-4\\assets\\src\\common\\friendRecommendations\\FriendRecommendations.tsx","statementMap":{"0":{"start":{"line":17,"column":4},"end":{"line":17,"column":17}},"1":{"start":{"line":19,"column":4},"end":{"line":21,"column":6}},"2":{"start":{"line":24,"column":15},"end":{"line":26,"column":3}},"3":{"start":{"line":25,"column":4},"end":{"line":25,"column":85}},"4":{"start":{"line":29,"column":4},"end":{"line":34,"column":5}},"5":{"start":{"line":30,"column":22},"end":{"line":30,"column":45}},"6":{"start":{"line":31,"column":6},"end":{"line":31,"column":33}},"7":{"start":{"line":33,"column":6},"end":{"line":33,"column":15}},"8":{"start":{"line":39,"column":4},"end":{"line":41,"column":5}},"9":{"start":{"line":40,"column":6},"end":{"line":40,"column":51}},"10":{"start":{"line":43,"column":32},"end":{"line":43,"column":77}},"11":{"start":{"line":44,"column":20},"end":{"line":44,"column":58}},"12":{"start":{"line":45,"column":4},"end":{"line":53,"column":6}},"13":{"start":{"line":49,"column":52},"end":{"line":49,"column":80}}},"fnMap":{"0":{"name":"(anonymous_0)","decl":{"start":{"line":16,"column":2},"end":{"line":16,"column":3}},"loc":{"start":{"line":16,"column":49},"end":{"line":22,"column":3}},"line":16},"1":{"name":"(anonymous_1)","decl":{"start":{"line":24,"column":15},"end":{"line":24,"column":16}},"loc":{"start":{"line":24,"column":21},"end":{"line":26,"column":3}},"line":24},"2":{"name":"(anonymous_2)","decl":{"start":{"line":28,"column":2},"end":{"line":28,"column":3}},"loc":{"start":{"line":28,"column":28},"end":{"line":35,"column":3}},"line":28},"3":{"name":"(anonymous_3)","decl":{"start":{"line":37,"column":2},"end":{"line":37,"column":3}},"loc":{"start":{"line":37,"column":11},"end":{"line":54,"column":3}},"line":37},"4":{"name":"(anonymous_4)","decl":{"start":{"line":49,"column":35},"end":{"line":49,"column":36}},"loc":{"start":{"line":49,"column":52},"end":{"line":49,"column":80}},"line":49}},"branchMap":{"0":{"loc":{"start":{"line":39,"column":4},"end":{"line":41,"column":5}},"type":"if","locations":[{"start":{"line":39,"column":4},"end":{"line":41,"column":5}},{"start":{"line":39,"column":4},"end":{"line":41,"column":5}}],"line":39},"1":{"loc":{"start":{"line":39,"column":10},"end":{"line":39,"column":126}},"type":"binary-expr","locations":[{"start":{"line":39,"column":10},"end":{"line":39,"column":31}},{"start":{"line":39,"column":35},"end":{"line":39,"column":73}},{"start":{"line":39,"column":77},"end":{"line":39,"column":126}}],"line":39},"2":{"loc":{"start":{"line":50,"column":11},"end":{"line":50,"column":156}},"type":"binary-expr","locations":[{"start":{"line":50,"column":11},"end":{"line":50,"column":34}},{"start":{"line":50,"column":38},"end":{"line":50,"column":156}}],"line":50},"3":{"loc":{"start":{"line":50,"column":96},"end":{"line":50,"column":146}},"type":"cond-expr","locations":[{"start":{"line":50,"column":128},"end":{"line":50,"column":136}},{"start":{"line":50,"column":139},"end":{"line":50,"column":146}}],"line":50}},"s":{"0":0,"1":0,"2":0,"3":0,"4":0,"5":0,"6":0,"7":0,"8":0,"9":0,"10":0,"11":0,"12":0,"13":0},"f":{"0":0,"1":0,"2":0,"3":0,"4":0},"b":{"0":[0,0],"1":[0,0,0],"2":[0,0],"3":[0,0]},"_coverageSchema":"43e27e138ebf9cfc5966b082cf9a028302ed4184","hash":"2b49ca2b2bb38b5bd59a2b212418ec02de8eabfc"}
,"C:\\Users\\creek\\OneDrive\\Documents\\Compx341\\Assignment 4\\COMPX341-assignment-4\\assets\\src\\common\\friendRecommendations\\FriendThumb.tsx": {"path":"C:\\Users\\creek\\OneDrive\\Documents\\Compx341\\Assignment 4\\COMPX341-assignment-4\\assets\\src\\common\\friendRecommendations\\FriendThumb.tsx","statementMap":{"0":{"start":{"line":13,"column":16},"end":{"line":13,"column":66}},"1":{"start":{"line":19,"column":25},"end":{"line":19,"column":76}},"2":{"start":{"line":20,"column":4},"end":{"line":22,"column":6}}},"fnMap":{"0":{"name":"(anonymous_0)","decl":{"start":{"line":18,"column":2},"end":{"line":18,"column":3}},"loc":{"start":{"line":18,"column":11},"end":{"line":23,"column":3}},"line":18}},"branchMap":{},"s":{"0":1,"1":0,"2":0},"f":{"0":0},"b":{},"_coverageSchema":"43e27e138ebf9cfc5966b082cf9a028302ed4184","hash":"6b0fe3c110db4a97853bf2b7389bc93a4a36de4e"}
,"C:\\Users\\creek\\OneDrive\\Documents\\Compx341\\Assignment 4\\COMPX341-assignment-4\\assets\\src\\common\\hero\\Hero.tsx": {"path":"C:\\Users\\creek\\OneDrive\\Documents\\Compx341\\Assignment 4\\COMPX341-assignment-4\\assets\\src\\common\\hero\\Hero.tsx","statementMap":{"0":{"start":{"line":10,"column":4},"end":{"line":12,"column":6}}},"fnMap":{"0":{"name":"(anonymous_0)","decl":{"start":{"line":9,"column":2},"end":{"line":9,"column":3}},"loc":{"start":{"line":9,"column":11},"end":{"line":13,"column":3}},"line":9}},"branchMap":{},"s":{"0":0},"f":{"0":0},"b":{},"hash":"7d92d4995f32ab381d8feaa5c30521eb98e4c451"}
,"C:\\Users\\creek\\OneDrive\\Documents\\Compx341\\Assignment 4\\COMPX341-assignment-4\\assets\\src\\common\\starRating\\StarRating.tsx": {"path":"C:\\Users\\creek\\OneDrive\\Documents\\Compx341\\Assignment 4\\COMPX341-assignment-4\\assets\\src\\common\\starRating\\StarRating.tsx","statementMap":{"0":{"start":{"line":13,"column":4},"end":{"line":21,"column":6}}},"fnMap":{"0":{"name":"(anonymous_0)","decl":{"start":{"line":12,"column":2},"end":{"line":12,"column":3}},"loc":{"start":{"line":12,"column":11},"end":{"line":22,"column":3}},"line":12}},"branchMap":{"0":{"loc":{"start":{"line":15,"column":26},"end":{"line":15,"column":71}},"type":"cond-expr","locations":[{"start":{"line":15,"column":50},"end":{"line":15,"column":56}},{"start":{"line":15,"column":59},"end":{"line":15,"column":71}}],"line":15},"1":{"loc":{"start":{"line":16,"column":26},"end":{"line":16,"column":71}},"type":"cond-expr","locations":[{"start":{"line":16,"column":50},"end":{"line":16,"column":56}},{"start":{"line":16,"column":59},"end":{"line":16,"column":71}}],"line":16},"2":{"loc":{"start":{"line":17,"column":26},"end":{"line":17,"column":71}},"type":"cond-expr","locations":[{"start":{"line":17,"column":50},"end":{"line":17,"column":56}},{"start":{"line":17,"column":59},"end":{"line":17,"column":71}}],"line":17},"3":{"loc":{"start":{"line":18,"column":26},"end":{"line":18,"column":71}},"type":"cond-expr","locations":[{"start":{"line":18,"column":50},"end":{"line":18,"column":56}},{"start":{"line":18,"column":59},"end":{"line":18,"column":71}}],"line":18},"4":{"loc":{"start":{"line":19,"column":26},"end":{"line":19,"column":71}},"type":"cond-expr","locations":[{"start":{"line":19,"column":50},"end":{"line":19,"column":56}},{"start":{"line":19,"column":59},"end":{"line":19,"column":71}}],"line":19}},"s":{"0":0},"f":{"0":0},"b":{"0":[0,0],"1":[0,0],"2":[0,0],"3":[0,0],"4":[0,0]},"_coverageSchema":"43e27e138ebf9cfc5966b082cf9a028302ed4184","hash":"05cb5875ac7f78b2c25e0e153870b7cd6268125a"}
,"C:\\Users\\creek\\OneDrive\\Documents\\Compx341\\Assignment 4\\COMPX341-assignment-4\\assets\\src\\modules\\bestSellers\\BestSellerProductRow.tsx": {"path":"C:\\Users\\creek\\OneDrive\\Documents\\Compx341\\Assignment 4\\COMPX341-assignment-4\\assets\\src\\modules\\bestSellers\\BestSellerProductRow.tsx","statementMap":{"0":{"start":{"line":31,"column":4},"end":{"line":31,"column":17}},"1":{"start":{"line":33,"column":4},"end":{"line":35,"column":6}},"2":{"start":{"line":39,"column":4},"end":{"line":44,"column":5}},"3":{"start":{"line":40,"column":19},"end":{"line":40,"column":39}},"4":{"start":{"line":41,"column":6},"end":{"line":41,"column":30}},"5":{"start":{"line":43,"column":6},"end":{"line":43,"column":15}},"6":{"start":{"line":48,"column":4},"end":{"line":48,"column":65}},"7":{"start":{"line":52,"column":4},"end":{"line":52,"column":38}},"8":{"start":{"line":52,"column":26},"end":{"line":52,"column":38}},"9":{"start":{"line":54,"column":4},"end":{"line":74,"column":6}}},"fnMap":{"0":{"name":"(anonymous_0)","decl":{"start":{"line":30,"column":2},"end":{"line":30,"column":3}},"loc":{"start":{"line":30,"column":38},"end":{"line":36,"column":3}},"line":30},"1":{"name":"(anonymous_1)","decl":{"start":{"line":38,"column":2},"end":{"line":38,"column":3}},"loc":{"start":{"line":38,"column":28},"end":{"line":45,"column":3}},"line":38},"2":{"name":"(anonymous_2)","decl":{"start":{"line":47,"column":2},"end":{"line":47,"column":3}},"loc":{"start":{"line":47,"column":12},"end":{"line":49,"column":3}},"line":47},"3":{"name":"(anonymous_3)","decl":{"start":{"line":51,"column":2},"end":{"line":51,"column":3}},"loc":{"start":{"line":51,"column":11},"end":{"line":75,"column":3}},"line":51}},"branchMap":{"0":{"loc":{"start":{"line":52,"column":4},"end":{"line":52,"column":38}},"type":"if","locations":[{"start":{"line":52,"column":4},"end":{"line":52,"column":38}},{"start":{"line":52,"column":4},"end":{"line":52,"column":38}}],"line":52}},"s":{"0":0,"1":0,"2":0,"3":0,"4":0,"5":0,"6":0,"7":0,"8":0,"9":0},"f":{"0":0,"1":0,"2":0,"3":0},"b":{"0":[0,0]},"_coverageSchema":"43e27e138ebf9cfc5966b082cf9a028302ed4184","hash":"f71a92786c675ac4817fbd7a7970ddd7a82d5aa7"}
,"C:\\Users\\creek\\OneDrive\\Documents\\Compx341\\Assignment 4\\COMPX341-assignment-4\\assets\\src\\modules\\bestSellers\\BestSellers.tsx": {"path":"C:\\Users\\creek\\OneDrive\\Documents\\Compx341\\Assignment 4\\COMPX341-assignment-4\\assets\\src\\modules\\bestSellers\\BestSellers.tsx","statementMap":{"0":{"start":{"line":19,"column":4},"end":{"line":19,"column":17}},"1":{"start":{"line":21,"column":4},"end":{"line":24,"column":6}},"2":{"start":{"line":28,"column":4},"end":{"line":43,"column":5}},"3":{"start":{"line":29,"column":20},"end":{"line":29,"column":22}},"4":{"start":{"line":30,"column":26},"end":{"line":30,"column":76}},"5":{"start":{"line":33,"column":6},"end":{"line":36,"column":7}},"6":{"start":{"line":33,"column":19},"end":{"line":33,"column":20}},"7":{"start":{"line":34,"column":18},"end":{"line":34,"column":44}},"8":{"start":{"line":35,"column":8},"end":{"line":35,"column":36}},"9":{"start":{"line":37,"column":6},"end":{"line":40,"column":9}},"10":{"start":{"line":42,"column":6},"end":{"line":42,"column":19}},"11":{"start":{"line":47,"column":4},"end":{"line":62,"column":6}},"12":{"start":{"line":57,"column":55},"end":{"line":57,"column":118}}},"fnMap":{"0":{"name":"(anonymous_0)","decl":{"start":{"line":18,"column":2},"end":{"line":18,"column":3}},"loc":{"start":{"line":18,"column":39},"end":{"line":25,"column":3}},"line":18},"1":{"name":"(anonymous_1)","decl":{"start":{"line":27,"column":2},"end":{"line":27,"column":3}},"loc":{"start":{"line":27,"column":28},"end":{"line":44,"column":3}},"line":27},"2":{"name":"(anonymous_2)","decl":{"start":{"line":46,"column":2},"end":{"line":46,"column":3}},"loc":{"start":{"line":46,"column":11},"end":{"line":63,"column":3}},"line":46},"3":{"name":"(anonymous_3)","decl":{"start":{"line":57,"column":47},"end":{"line":57,"column":48}},"loc":{"start":{"line":57,"column":55},"end":{"line":57,"column":118}},"line":57}},"branchMap":{"0":{"loc":{"start":{"line":56,"column":13},"end":{"line":58,"column":13}},"type":"cond-expr","locations":[{"start":{"line":56,"column":36},"end":{"line":56,"column":62}},{"start":{"line":57,"column":14},"end":{"line":58,"column":13}}],"line":56}},"s":{"0":1,"1":1,"2":1,"3":1,"4":1,"5":0,"6":0,"7":0,"8":0,"9":0,"10":1,"11":1,"12":0},"f":{"0":1,"1":1,"2":1,"3":0},"b":{"0":[1,0]},"_coverageSchema":"43e27e138ebf9cfc5966b082cf9a028302ed4184","hash":"7fec2b841eb0857bf21ba27a34226f88300ba052"}
,"C:\\Users\\creek\\OneDrive\\Documents\\Compx341\\Assignment 4\\COMPX341-assignment-4\\assets\\src\\modules\\bestSellers\\bestSellersBar\\BestSellersBar.tsx": {"path":"C:\\Users\\creek\\OneDrive\\Documents\\Compx341\\Assignment 4\\COMPX341-assignment-4\\assets\\src\\modules\\bestSellers\\bestSellersBar\\BestSellersBar.tsx","statementMap":{"0":{"start":{"line":15,"column":20},"end":{"line":15,"column":75}},"1":{"start":{"line":19,"column":4},"end":{"line":35,"column":6}},"2":{"start":{"line":28,"column":12},"end":{"line":32,"column":18}}},"fnMap":{"0":{"name":"(anonymous_0)","decl":{"start":{"line":18,"column":2},"end":{"line":18,"column":3}},"loc":{"start":{"line":18,"column":11},"end":{"line":36,"column":3}},"line":18},"1":{"name":"(anonymous_1)","decl":{"start":{"line":27,"column":27},"end":{"line":27,"column":28}},"loc":{"start":{"line":28,"column":12},"end":{"line":32,"column":18}},"line":28}},"branchMap":{},"s":{"0":0,"1":0,"2":0},"f":{"0":0,"1":0},"b":{},"hash":"4dc7ea9b581f4088025b023af3f50310a921727b"}
,"C:\\Users\\creek\\OneDrive\\Documents\\Compx341\\Assignment 4\\COMPX341-assignment-4\\assets\\src\\modules\\cart\\CartProductRow.tsx": {"path":"C:\\Users\\creek\\OneDrive\\Documents\\Compx341\\Assignment 4\\COMPX341-assignment-4\\assets\\src\\modules\\cart\\CartProductRow.tsx","statementMap":{"0":{"start":{"line":29,"column":4},"end":{"line":29,"column":17}},"1":{"start":{"line":31,"column":4},"end":{"line":34,"column":6}},"2":{"start":{"line":38,"column":4},"end":{"line":43,"column":5}},"3":{"start":{"line":39,"column":19},"end":{"line":39,"column":55}},"4":{"start":{"line":40,"column":6},"end":{"line":40,"column":30}},"5":{"start":{"line":42,"column":6},"end":{"line":42,"column":15}},"6":{"start":{"line":47,"column":4},"end":{"line":47,"column":60}},"7":{"start":{"line":50,"column":13},"end":{"line":59,"column":3}},"8":{"start":{"line":51,"column":4},"end":{"line":51,"column":43}},"9":{"start":{"line":52,"column":4},"end":{"line":56,"column":7}},"10":{"start":{"line":58,"column":4},"end":{"line":58,"column":32}},"11":{"start":{"line":61,"column":22},"end":{"line":68,"column":3}},"12":{"start":{"line":62,"column":4},"end":{"line":67,"column":7}},"13":{"start":{"line":71,"column":4},"end":{"line":71,"column":38}},"14":{"start":{"line":71,"column":26},"end":{"line":71,"column":38}},"15":{"start":{"line":73,"column":4},"end":{"line":108,"column":6}}},"fnMap":{"0":{"name":"(anonymous_0)","decl":{"start":{"line":28,"column":2},"end":{"line":28,"column":3}},"loc":{"start":{"line":28,"column":42},"end":{"line":35,"column":3}},"line":28},"1":{"name":"(anonymous_1)","decl":{"start":{"line":37,"column":2},"end":{"line":37,"column":3}},"loc":{"start":{"line":37,"column":28},"end":{"line":44,"column":3}},"line":37},"2":{"name":"(anonymous_2)","decl":{"start":{"line":46,"column":2},"end":{"line":46,"column":3}},"loc":{"start":{"line":46,"column":24},"end":{"line":48,"column":3}},"line":46},"3":{"name":"(anonymous_3)","decl":{"start":{"line":50,"column":13},"end":{"line":50,"column":14}},"loc":{"start":{"line":50,"column":25},"end":{"line":59,"column":3}},"line":50},"4":{"name":"(anonymous_4)","decl":{"start":{"line":61,"column":22},"end":{"line":61,"column":23}},"loc":{"start":{"line":61,"column":44},"end":{"line":68,"column":3}},"line":61},"5":{"name":"(anonymous_5)","decl":{"start":{"line":70,"column":2},"end":{"line":70,"column":3}},"loc":{"start":{"line":70,"column":11},"end":{"line":109,"column":3}},"line":70}},"branchMap":{"0":{"loc":{"start":{"line":71,"column":4},"end":{"line":71,"column":38}},"type":"if","locations":[{"start":{"line":71,"column":4},"end":{"line":71,"column":38}},{"start":{"line":71,"column":4},"end":{"line":71,"column":38}}],"line":71},"1":{"loc":{"start":{"line":97,"column":23},"end":{"line":97,"column":101}},"type":"binary-expr","locations":[{"start":{"line":97,"column":23},"end":{"line":97,"column":47}},{"start":{"line":97,"column":51},"end":{"line":97,"column":101}}],"line":97}},"s":{"0":0,"1":0,"2":0,"3":0,"4":0,"5":0,"6":0,"7":0,"8":0,"9":0,"10":0,"11":0,"12":0,"13":0,"14":0,"15":0},"f":{"0":0,"1":0,"2":0,"3":0,"4":0,"5":0},"b":{"0":[0,0],"1":[0,0]},"hash":"acf91c0ba2b1cc67f6541115da2c467309244cd7"}
,"C:\\Users\\creek\\OneDrive\\Documents\\Compx341\\Assignment 4\\COMPX341-assignment-4\\assets\\src\\modules\\cart\\ShoppingCart.tsx": {"path":"C:\\Users\\creek\\OneDrive\\Documents\\Compx341\\Assignment 4\\COMPX341-assignment-4\\assets\\src\\modules\\cart\\ShoppingCart.tsx","statementMap":{"0":{"start":{"line":23,"column":4},"end":{"line":23,"column":17}},"1":{"start":{"line":25,"column":4},"end":{"line":30,"column":6}},"2":{"start":{"line":34,"column":4},"end":{"line":41,"column":5}},"3":{"start":{"line":35,"column":27},"end":{"line":35,"column":56}},"4":{"start":{"line":36,"column":6},"end":{"line":38,"column":9}},"5":{"start":{"line":40,"column":6},"end":{"line":40,"column":15}},"6":{"start":{"line":43,"column":4},"end":{"line":43,"column":25}},"7":{"start":{"line":44,"column":4},"end":{"line":44,"column":40}},"8":{"start":{"line":48,"column":4},"end":{"line":48,"column":42}},"9":{"start":{"line":51,"column":18},"end":{"line":64,"column":3}},"10":{"start":{"line":52,"column":25},"end":{"line":52,"column":54}},"11":{"start":{"line":53,"column":4},"end":{"line":55,"column":7}},"12":{"start":{"line":57,"column":16},"end":{"line":59,"column":20}},"13":{"start":{"line":58,"column":6},"end":{"line":58,"column":47}},"14":{"start":{"line":61,"column":4},"end":{"line":63,"column":7}},"15":{"start":{"line":66,"column":15},"end":{"line":70,"column":3}},"16":{"start":{"line":67,"column":4},"end":{"line":69,"column":7}},"17":{"start":{"line":73,"column":4},"end":{"line":73,"column":65}},"18":{"start":{"line":73,"column":31},"end":{"line":73,"column":65}},"19":{"start":{"line":75,"column":4},"end":{"line":91,"column":6}},"20":{"start":{"line":84,"column":42},"end":{"line":84,"column":137}},"21":{"start":{"line":84,"column":113},"end":{"line":84,"column":133}}},"fnMap":{"0":{"name":"(anonymous_0)","decl":{"start":{"line":22,"column":2},"end":{"line":22,"column":3}},"loc":{"start":{"line":22,"column":40},"end":{"line":31,"column":3}},"line":22},"1":{"name":"(anonymous_1)","decl":{"start":{"line":33,"column":2},"end":{"line":33,"column":3}},"loc":{"start":{"line":33,"column":28},"end":{"line":45,"column":3}},"line":33},"2":{"name":"(anonymous_2)","decl":{"start":{"line":47,"column":2},"end":{"line":47,"column":3}},"loc":{"start":{"line":47,"column":21},"end":{"line":49,"column":3}},"line":47},"3":{"name":"(anonymous_3)","decl":{"start":{"line":51,"column":18},"end":{"line":51,"column":19}},"loc":{"start":{"line":51,"column":30},"end":{"line":64,"column":3}},"line":51},"4":{"name":"(anonymous_4)","decl":{"start":{"line":57,"column":36},"end":{"line":57,"column":37}},"loc":{"start":{"line":57,"column":68},"end":{"line":59,"column":5}},"line":57},"5":{"name":"(anonymous_5)","decl":{"start":{"line":66,"column":15},"end":{"line":66,"column":16}},"loc":{"start":{"line":66,"column":21},"end":{"line":70,"column":3}},"line":66},"6":{"name":"(anonymous_6)","decl":{"start":{"line":72,"column":2},"end":{"line":72,"column":3}},"loc":{"start":{"line":72,"column":11},"end":{"line":92,"column":3}},"line":72},"7":{"name":"(anonymous_7)","decl":{"start":{"line":84,"column":33},"end":{"line":84,"column":34}},"loc":{"start":{"line":84,"column":42},"end":{"line":84,"column":137}},"line":84},"8":{"name":"(anonymous_8)","decl":{"start":{"line":84,"column":107},"end":{"line":84,"column":108}},"loc":{"start":{"line":84,"column":113},"end":{"line":84,"column":133}},"line":84}},"branchMap":{"0":{"loc":{"start":{"line":73,"column":4},"end":{"line":73,"column":65}},"type":"if","locations":[{"start":{"line":73,"column":4},"end":{"line":73,"column":65}},{"start":{"line":73,"column":4},"end":{"line":73,"column":65}}],"line":73},"1":{"loc":{"start":{"line":76,"column":6},"end":{"line":90,"column":14}},"type":"cond-expr","locations":[{"start":{"line":76,"column":29},"end":{"line":76,"column":59}},{"start":{"line":77,"column":6},"end":{"line":90,"column":14}}],"line":76}},"s":{"0":0,"1":0,"2":0,"3":0,"4":0,"5":0,"6":0,"7":0,"8":0,"9":0,"10":0,"11":0,"12":0,"13":0,"14":0,"15":0,"16":0,"17":0,"18":0,"19":0,"20":0,"21":0},"f":{"0":0,"1":0,"2":0,"3":0,"4":0,"5":0,"6":0,"7":0,"8":0},"b":{"0":[0,0],"1":[0,0]},"hash":"7f95b7d8c508024557e5e3263593e0739f87c4c5"}
,"C:\\Users\\creek\\OneDrive\\Documents\\Compx341\\Assignment 4\\COMPX341-assignment-4\\assets\\src\\modules\\category\\CategoryGallery.tsx": {"path":"C:\\Users\\creek\\OneDrive\\Documents\\Compx341\\Assignment 4\\COMPX341-assignment-4\\assets\\src\\modules\\category\\CategoryGallery.tsx","statementMap":{"0":{"start":{"line":20,"column":4},"end":{"line":20,"column":17}},"1":{"start":{"line":22,"column":4},"end":{"line":25,"column":6}},"2":{"start":{"line":29,"column":4},"end":{"line":34,"column":5}},"3":{"start":{"line":30,"column":20},"end":{"line":30,"column":42}},"4":{"start":{"line":31,"column":6},"end":{"line":31,"column":31}},"5":{"start":{"line":33,"column":6},"end":{"line":33,"column":15}},"6":{"start":{"line":36,"column":4},"end":{"line":36,"column":40}},"7":{"start":{"line":40,"column":4},"end":{"line":40,"column":83}},"8":{"start":{"line":44,"column":4},"end":{"line":56,"column":6}},"9":{"start":{"line":51,"column":44},"end":{"line":51,"column":93}}},"fnMap":{"0":{"name":"(anonymous_0)","decl":{"start":{"line":19,"column":2},"end":{"line":19,"column":3}},"loc":{"start":{"line":19,"column":43},"end":{"line":26,"column":3}},"line":19},"1":{"name":"(anonymous_1)","decl":{"start":{"line":28,"column":2},"end":{"line":28,"column":3}},"loc":{"start":{"line":28,"column":28},"end":{"line":37,"column":3}},"line":28},"2":{"name":"(anonymous_2)","decl":{"start":{"line":39,"column":2},"end":{"line":39,"column":3}},"loc":{"start":{"line":39,"column":14},"end":{"line":41,"column":3}},"line":39},"3":{"name":"(anonymous_3)","decl":{"start":{"line":43,"column":2},"end":{"line":43,"column":3}},"loc":{"start":{"line":43,"column":11},"end":{"line":57,"column":3}},"line":43},"4":{"name":"(anonymous_4)","decl":{"start":{"line":51,"column":36},"end":{"line":51,"column":37}},"loc":{"start":{"line":51,"column":44},"end":{"line":51,"column":93}},"line":51}},"branchMap":{"0":{"loc":{"start":{"line":45,"column":6},"end":{"line":55,"column":12}},"type":"cond-expr","locations":[{"start":{"line":45,"column":29},"end":{"line":45,"column":55}},{"start":{"line":46,"column":6},"end":{"line":55,"column":12}}],"line":45}},"s":{"0":0,"1":0,"2":0,"3":0,"4":0,"5":0,"6":0,"7":0,"8":0,"9":0},"f":{"0":0,"1":0,"2":0,"3":0,"4":0},"b":{"0":[0,0]},"hash":"e024e2e5c96b0f6f295d06970972f35fbca688c3"}
,"C:\\Users\\creek\\OneDrive\\Documents\\Compx341\\Assignment 4\\COMPX341-assignment-4\\assets\\src\\modules\\category\\CategoryGalleryBook.tsx": {"path":"C:\\Users\\creek\\OneDrive\\Documents\\Compx341\\Assignment 4\\COMPX341-assignment-4\\assets\\src\\modules\\category\\CategoryGalleryBook.tsx","statementMap":{"0":{"start":{"line":15,"column":4},"end":{"line":15,"column":33}},"1":{"start":{"line":15,"column":26},"end":{"line":15,"column":33}},"2":{"start":{"line":16,"column":4},"end":{"line":27,"column":6}}},"fnMap":{"0":{"name":"(anonymous_0)","decl":{"start":{"line":14,"column":2},"end":{"line":14,"column":3}},"loc":{"start":{"line":14,"column":11},"end":{"line":28,"column":3}},"line":14}},"branchMap":{"0":{"loc":{"start":{"line":15,"column":4},"end":{"line":15,"column":33}},"type":"if","locations":[{"start":{"line":15,"column":4},"end":{"line":15,"column":33}},{"start":{"line":15,"column":4},"end":{"line":15,"column":33}}],"line":15}},"s":{"0":0,"1":0,"2":0},"f":{"0":0},"b":{"0":[0,0]},"hash":"e31fcc16eb36c63b696c1c0b5ad00095f7e9603e"}
,"C:\\Users\\creek\\OneDrive\\Documents\\Compx341\\Assignment 4\\COMPX341-assignment-4\\assets\\src\\modules\\category\\CategoryGalleryTeaser.tsx": {"path":"C:\\Users\\creek\\OneDrive\\Documents\\Compx341\\Assignment 4\\COMPX341-assignment-4\\assets\\src\\modules\\category\\CategoryGalleryTeaser.tsx","statementMap":{"0":{"start":{"line":19,"column":4},"end":{"line":19,"column":17}},"1":{"start":{"line":21,"column":4},"end":{"line":24,"column":6}},"2":{"start":{"line":28,"column":4},"end":{"line":33,"column":5}},"3":{"start":{"line":29,"column":20},"end":{"line":29,"column":42}},"4":{"start":{"line":30,"column":6},"end":{"line":30,"column":31}},"5":{"start":{"line":32,"column":6},"end":{"line":32,"column":15}},"6":{"start":{"line":35,"column":4},"end":{"line":35,"column":40}},"7":{"start":{"line":39,"column":4},"end":{"line":39,"column":63}},"8":{"start":{"line":43,"column":4},"end":{"line":55,"column":6}},"9":{"start":{"line":50,"column":55},"end":{"line":50,"column":104}}},"fnMap":{"0":{"name":"(anonymous_0)","decl":{"start":{"line":18,"column":2},"end":{"line":18,"column":3}},"loc":{"start":{"line":18,"column":49},"end":{"line":25,"column":3}},"line":18},"1":{"name":"(anonymous_1)","decl":{"start":{"line":27,"column":2},"end":{"line":27,"column":3}},"loc":{"start":{"line":27,"column":28},"end":{"line":36,"column":3}},"line":27},"2":{"name":"(anonymous_2)","decl":{"start":{"line":38,"column":2},"end":{"line":38,"column":3}},"loc":{"start":{"line":38,"column":14},"end":{"line":40,"column":3}},"line":38},"3":{"name":"(anonymous_3)","decl":{"start":{"line":42,"column":2},"end":{"line":42,"column":3}},"loc":{"start":{"line":42,"column":11},"end":{"line":56,"column":3}},"line":42},"4":{"name":"(anonymous_4)","decl":{"start":{"line":50,"column":47},"end":{"line":50,"column":48}},"loc":{"start":{"line":50,"column":55},"end":{"line":50,"column":104}},"line":50}},"branchMap":{"0":{"loc":{"start":{"line":44,"column":6},"end":{"line":54,"column":12}},"type":"cond-expr","locations":[{"start":{"line":44,"column":29},"end":{"line":44,"column":55}},{"start":{"line":45,"column":6},"end":{"line":54,"column":12}}],"line":44}},"s":{"0":0,"1":0,"2":0,"3":0,"4":0,"5":0,"6":0,"7":0,"8":0,"9":0},"f":{"0":0,"1":0,"2":0,"3":0,"4":0},"b":{"0":[0,0]},"hash":"0ae354a15057e03e9d00afa5de1f49d63e6e4433"}
,"C:\\Users\\creek\\OneDrive\\Documents\\Compx341\\Assignment 4\\COMPX341-assignment-4\\assets\\src\\modules\\category\\CategoryView.tsx": {"path":"C:\\Users\\creek\\OneDrive\\Documents\\Compx341\\Assignment 4\\COMPX341-assignment-4\\assets\\src\\modules\\category\\CategoryView.tsx","statementMap":{"0":{"start":{"line":25,"column":13},"end":{"line":44,"column":3}},"1":{"start":{"line":26,"column":4},"end":{"line":43,"column":5}},"2":{"start":{"line":28,"column":8},"end":{"line":28,"column":21}},"3":{"start":{"line":30,"column":8},"end":{"line":30,"column":24}},"4":{"start":{"line":32,"column":8},"end":{"line":32,"column":21}},"5":{"start":{"line":34,"column":8},"end":{"line":34,"column":21}},"6":{"start":{"line":36,"column":8},"end":{"line":36,"column":20}},"7":{"start":{"line":38,"column":8},"end":{"line":38,"column":20}},"8":{"start":{"line":40,"column":8},"end":{"line":40,"column":24}},"9":{"start":{"line":42,"column":8},"end":{"line":42,"column":21}},"10":{"start":{"line":47,"column":4},"end":{"line":55,"column":6}}},"fnMap":{"0":{"name":"(anonymous_0)","decl":{"start":{"line":25,"column":13},"end":{"line":25,"column":14}},"loc":{"start":{"line":25,"column":19},"end":{"line":44,"column":3}},"line":25},"1":{"name":"(anonymous_1)","decl":{"start":{"line":46,"column":2},"end":{"line":46,"column":3}},"loc":{"start":{"line":46,"column":11},"end":{"line":56,"column":3}},"line":46}},"branchMap":{"0":{"loc":{"start":{"line":26,"column":4},"end":{"line":43,"column":5}},"type":"switch","locations":[{"start":{"line":27,"column":6},"end":{"line":28,"column":21}},{"start":{"line":29,"column":6},"end":{"line":30,"column":24}},{"start":{"line":31,"column":6},"end":{"line":32,"column":21}},{"start":{"line":33,"column":6},"end":{"line":34,"column":21}},{"start":{"line":35,"column":6},"end":{"line":36,"column":20}},{"start":{"line":37,"column":6},"end":{"line":38,"column":20}},{"start":{"line":39,"column":6},"end":{"line":40,"column":24}},{"start":{"line":41,"column":6},"end":{"line":42,"column":21}}],"line":26}},"s":{"0":0,"1":0,"2":0,"3":0,"4":0,"5":0,"6":0,"7":0,"8":0,"9":0,"10":0},"f":{"0":0,"1":0},"b":{"0":[0,0,0,0,0,0,0,0]},"hash":"6d16a87ffe11241e61bd62743ad23f703b82180e"}
,"C:\\Users\\creek\\OneDrive\\Documents\\Compx341\\Assignment 4\\COMPX341-assignment-4\\assets\\src\\modules\\category\\categoryNavBar\\CategoryNavBar.tsx": {"path":"C:\\Users\\creek\\OneDrive\\Documents\\Compx341\\Assignment 4\\COMPX341-assignment-4\\assets\\src\\modules\\category\\categoryNavBar\\CategoryNavBar.tsx","statementMap":{"0":{"start":{"line":9,"column":4},"end":{"line":14,"column":6}},"1":{"start":{"line":12,"column":10},"end":{"line":12,"column":128}}},"fnMap":{"0":{"name":"(anonymous_0)","decl":{"start":{"line":8,"column":2},"end":{"line":8,"column":3}},"loc":{"start":{"line":8,"column":11},"end":{"line":15,"column":3}},"line":8},"1":{"name":"(anonymous_1)","decl":{"start":{"line":11,"column":39},"end":{"line":11,"column":40}},"loc":{"start":{"line":12,"column":10},"end":{"line":12,"column":128}},"line":12}},"branchMap":{},"s":{"0":0,"1":0},"f":{"0":0,"1":0},"b":{},"_coverageSchema":"43e27e138ebf9cfc5966b082cf9a028302ed4184","hash":"2250b5d3c010aad882886a876605267495fe6b61"}
,"C:\\Users\\creek\\OneDrive\\Documents\\Compx341\\Assignment 4\\COMPX341-assignment-4\\assets\\src\\modules\\category\\categoryNavBar\\categories.ts": {"path":"C:\\Users\\creek\\OneDrive\\Documents\\Compx341\\Assignment 4\\COMPX341-assignment-4\\assets\\src\\modules\\category\\categoryNavBar\\categories.ts","statementMap":{"0":{"start":{"line":3,"column":26},"end":{"line":11,"column":1}}},"fnMap":{},"branchMap":{},"s":{"0":1},"f":{},"b":{},"_coverageSchema":"43e27e138ebf9cfc5966b082cf9a028302ed4184","hash":"83da17ba6e2870ba9d5f5b07e161040397a9b07a"}
,"C:\\Users\\creek\\OneDrive\\Documents\\Compx341\\Assignment 4\\COMPX341-assignment-4\\assets\\src\\modules\\checkout\\Checkout.tsx": {"path":"C:\\Users\\creek\\OneDrive\\Documents\\Compx341\\Assignment 4\\COMPX341-assignment-4\\assets\\src\\modules\\checkout\\Checkout.tsx","statementMap":{"0":{"start":{"line":10,"column":4},"end":{"line":21,"column":6}}},"fnMap":{"0":{"name":"(anonymous_0)","decl":{"start":{"line":9,"column":2},"end":{"line":9,"column":3}},"loc":{"start":{"line":9,"column":11},"end":{"line":22,"column":3}},"line":9}},"branchMap":{},"s":{"0":0},"f":{"0":0},"b":{},"hash":"5d7cf1a2c158989c5aef466ddf183d765a2b7c65"}
,"C:\\Users\\creek\\OneDrive\\Documents\\Compx341\\Assignment 4\\COMPX341-assignment-4\\assets\\src\\modules\\checkout\\CheckoutConfirm.tsx": {"path":"C:\\Users\\creek\\OneDrive\\Documents\\Compx341\\Assignment 4\\COMPX341-assignment-4\\assets\\src\\modules\\checkout\\CheckoutConfirm.tsx","statementMap":{"0":{"start":{"line":21,"column":4},"end":{"line":21,"column":17}},"1":{"start":{"line":23,"column":4},"end":{"line":25,"column":6}},"2":{"start":{"line":28,"column":18},"end":{"line":32,"column":3}},"3":{"start":{"line":29,"column":4},"end":{"line":31,"column":7}},"4":{"start":{"line":35,"column":4},"end":{"line":35,"column":63}},"5":{"start":{"line":35,"column":33},"end":{"line":35,"column":63}},"6":{"start":{"line":37,"column":4},"end":{"line":57,"column":6}}},"fnMap":{"0":{"name":"(anonymous_0)","decl":{"start":{"line":20,"column":2},"end":{"line":20,"column":3}},"loc":{"start":{"line":20,"column":36},"end":{"line":26,"column":3}},"line":20},"1":{"name":"(anonymous_1)","decl":{"start":{"line":28,"column":18},"end":{"line":28,"column":19}},"loc":{"start":{"line":28,"column":24},"end":{"line":32,"column":3}},"line":28},"2":{"name":"(anonymous_2)","decl":{"start":{"line":34,"column":2},"end":{"line":34,"column":3}},"loc":{"start":{"line":34,"column":11},"end":{"line":58,"column":3}},"line":34}},"branchMap":{"0":{"loc":{"start":{"line":35,"column":4},"end":{"line":35,"column":63}},"type":"if","locations":[{"start":{"line":35,"column":4},"end":{"line":35,"column":63}},{"start":{"line":35,"column":4},"end":{"line":35,"column":63}}],"line":35}},"s":{"0":0,"1":0,"2":0,"3":0,"4":0,"5":0,"6":0},"f":{"0":0,"1":0,"2":0},"b":{"0":[0,0]},"hash":"d630aa1d829d7e4934f687d44082e04b91f6f8d3"}
,"C:\\Users\\creek\\OneDrive\\Documents\\Compx341\\Assignment 4\\COMPX341-assignment-4\\assets\\src\\modules\\checkout\\checkoutForm\\CheckoutForm.tsx": {"path":"C:\\Users\\creek\\OneDrive\\Documents\\Compx341\\Assignment 4\\COMPX341-assignment-4\\assets\\src\\modules\\checkout\\checkoutForm\\CheckoutForm.tsx","statementMap":{"0":{"start":{"line":25,"column":4},"end":{"line":25,"column":17}},"1":{"start":{"line":27,"column":4},"end":{"line":35,"column":6}},"2":{"start":{"line":39,"column":4},"end":{"line":46,"column":5}},"3":{"start":{"line":40,"column":21},"end":{"line":40,"column":50}},"4":{"start":{"line":41,"column":6},"end":{"line":43,"column":9}},"5":{"start":{"line":45,"column":6},"end":{"line":45,"column":15}},"6":{"start":{"line":48,"column":4},"end":{"line":48,"column":40}},"7":{"start":{"line":52,"column":4},"end":{"line":52,"column":42}},"8":{"start":{"line":55,"column":18},"end":{"line":59,"column":3}},"9":{"start":{"line":56,"column":4},"end":{"line":58,"column":21}},"10":{"start":{"line":57,"column":6},"end":{"line":57,"column":47}},"11":{"start":{"line":62,"column":19},"end":{"line":62,"column":41}},"12":{"start":{"line":63,"column":4},"end":{"line":64,"column":74}},"13":{"start":{"line":63,"column":38},"end":{"line":63,"column":55}},"14":{"start":{"line":64,"column":9},"end":{"line":64,"column":74}},"15":{"start":{"line":64,"column":59},"end":{"line":64,"column":74}},"16":{"start":{"line":65,"column":4},"end":{"line":65,"column":16}},"17":{"start":{"line":68,"column":17},"end":{"line":74,"column":3}},"18":{"start":{"line":69,"column":19},"end":{"line":69,"column":51}},"19":{"start":{"line":70,"column":4},"end":{"line":73,"column":7}},"20":{"start":{"line":76,"column":15},"end":{"line":85,"column":3}},"21":{"start":{"line":77,"column":19},"end":{"line":77,"column":36}},"22":{"start":{"line":78,"column":4},"end":{"line":84,"column":8}},"23":{"start":{"line":82,"column":18},"end":{"line":84,"column":6}},"24":{"start":{"line":88,"column":4},"end":{"line":88,"column":72}},"25":{"start":{"line":88,"column":30},"end":{"line":88,"column":72}},"26":{"start":{"line":90,"column":4},"end":{"line":90,"column":42}},"27":{"start":{"line":90,"column":30},"end":{"line":90,"column":42}},"28":{"start":{"line":91,"column":4},"end":{"line":138,"column":6}}},"fnMap":{"0":{"name":"(anonymous_0)","decl":{"start":{"line":24,"column":2},"end":{"line":24,"column":3}},"loc":{"start":{"line":24,"column":40},"end":{"line":36,"column":3}},"line":24},"1":{"name":"(anonymous_1)","decl":{"start":{"line":38,"column":2},"end":{"line":38,"column":3}},"loc":{"start":{"line":38,"column":28},"end":{"line":49,"column":3}},"line":38},"2":{"name":"(anonymous_2)","decl":{"start":{"line":51,"column":2},"end":{"line":51,"column":3}},"loc":{"start":{"line":51,"column":21},"end":{"line":53,"column":3}},"line":51},"3":{"name":"(anonymous_3)","decl":{"start":{"line":55,"column":18},"end":{"line":55,"column":19}},"loc":{"start":{"line":55,"column":24},"end":{"line":59,"column":3}},"line":55},"4":{"name":"(anonymous_4)","decl":{"start":{"line":56,"column":36},"end":{"line":56,"column":37}},"loc":{"start":{"line":56,"column":53},"end":{"line":58,"column":5}},"line":56},"5":{"name":"(anonymous_5)","decl":{"start":{"line":61,"column":2},"end":{"line":61,"column":3}},"loc":{"start":{"line":61,"column":33},"end":{"line":66,"column":3}},"line":61},"6":{"name":"(anonymous_6)","decl":{"start":{"line":68,"column":17},"end":{"line":68,"column":18}},"loc":{"start":{"line":68,"column":58},"end":{"line":74,"column":3}},"line":68},"7":{"name":"(anonymous_7)","decl":{"start":{"line":76,"column":15},"end":{"line":76,"column":16}},"loc":{"start":{"line":76,"column":21},"end":{"line":85,"column":3}},"line":76},"8":{"name":"(anonymous_8)","decl":{"start":{"line":82,"column":12},"end":{"line":82,"column":13}},"loc":{"start":{"line":82,"column":18},"end":{"line":84,"column":6}},"line":82},"9":{"name":"(anonymous_9)","decl":{"start":{"line":87,"column":2},"end":{"line":87,"column":3}},"loc":{"start":{"line":87,"column":11},"end":{"line":139,"column":3}},"line":87}},"branchMap":{"0":{"loc":{"start":{"line":63,"column":4},"end":{"line":64,"column":74}},"type":"if","locations":[{"start":{"line":63,"column":4},"end":{"line":64,"column":74}},{"start":{"line":63,"column":4},"end":{"line":64,"column":74}}],"line":63},"1":{"loc":{"start":{"line":63,"column":8},"end":{"line":63,"column":36}},"type":"binary-expr","locations":[{"start":{"line":63,"column":8},"end":{"line":63,"column":20}},{"start":{"line":63,"column":24},"end":{"line":63,"column":36}}],"line":63},"2":{"loc":{"start":{"line":64,"column":9},"end":{"line":64,"column":74}},"type":"if","locations":[{"start":{"line":64,"column":9},"end":{"line":64,"column":74}},{"start":{"line":64,"column":9},"end":{"line":64,"column":74}}],"line":64},"3":{"loc":{"start":{"line":64,"column":13},"end":{"line":64,"column":57}},"type":"binary-expr","locations":[{"start":{"line":64,"column":13},"end":{"line":64,"column":25}},{"start":{"line":64,"column":30},"end":{"line":64,"column":41}},{"start":{"line":64,"column":45},"end":{"line":64,"column":56}}],"line":64},"4":{"loc":{"start":{"line":88,"column":4},"end":{"line":88,"column":72}},"type":"if","locations":[{"start":{"line":88,"column":4},"end":{"line":88,"column":72}},{"start":{"line":88,"column":4},"end":{"line":88,"column":72}}],"line":88},"5":{"loc":{"start":{"line":90,"column":4},"end":{"line":90,"column":42}},"type":"if","locations":[{"start":{"line":90,"column":4},"end":{"line":90,"column":42}},{"start":{"line":90,"column":4},"end":{"line":90,"column":42}}],"line":90}},"s":{"0":0,"1":0,"2":0,"3":0,"4":0,"5":0,"6":0,"7":0,"8":0,"9":0,"10":0,"11":0,"12":0,"13":0,"14":0,"15":0,"16":0,"17":0,"18":0,"19":0,"20":0,"21":0,"22":0,"23":0,"24":0,"25":0,"26":0,"27":0,"28":0},"f":{"0":0,"1":0,"2":0,"3":0,"4":0,"5":0,"6":0,"7":0,"8":0,"9":0},"b":{"0":[0,0],"1":[0,0],"2":[0,0],"3":[0,0,0],"4":[0,0],"5":[0,0]},"hash":"40960ca42065bb3d8cfcb2410fb8f4776f570aea"}
,"C:\\Users\\creek\\OneDrive\\Documents\\Compx341\\Assignment 4\\COMPX341-assignment-4\\assets\\src\\modules\\friends\\FriendsBought.tsx": {"path":"C:\\Users\\creek\\OneDrive\\Documents\\Compx341\\Assignment 4\\COMPX341-assignment-4\\assets\\src\\modules\\friends\\FriendsBought.tsx","statementMap":{"0":{"start":{"line":18,"column":4},"end":{"line":18,"column":17}},"1":{"start":{"line":20,"column":4},"end":{"line":23,"column":6}},"2":{"start":{"line":27,"column":4},"end":{"line":34,"column":36}},"3":{"start":{"line":29,"column":8},"end":{"line":32,"column":11}},"4":{"start":{"line":34,"column":22},"end":{"line":34,"column":34}},"5":{"start":{"line":38,"column":4},"end":{"line":38,"column":42}},"6":{"start":{"line":38,"column":30},"end":{"line":38,"column":42}},"7":{"start":{"line":40,"column":4},"end":{"line":49,"column":6}},"8":{"start":{"line":46,"column":10},"end":{"line":46,"column":83}}},"fnMap":{"0":{"name":"(anonymous_0)","decl":{"start":{"line":17,"column":2},"end":{"line":17,"column":3}},"loc":{"start":{"line":17,"column":41},"end":{"line":24,"column":3}},"line":17},"1":{"name":"(anonymous_1)","decl":{"start":{"line":26,"column":2},"end":{"line":26,"column":3}},"loc":{"start":{"line":26,"column":22},"end":{"line":35,"column":3}},"line":26},"2":{"name":"(anonymous_2)","decl":{"start":{"line":28,"column":12},"end":{"line":28,"column":13}},"loc":{"start":{"line":28,"column":24},"end":{"line":33,"column":7}},"line":28},"3":{"name":"(anonymous_3)","decl":{"start":{"line":34,"column":13},"end":{"line":34,"column":14}},"loc":{"start":{"line":34,"column":22},"end":{"line":34,"column":34}},"line":34},"4":{"name":"(anonymous_4)","decl":{"start":{"line":37,"column":2},"end":{"line":37,"column":3}},"loc":{"start":{"line":37,"column":11},"end":{"line":50,"column":3}},"line":37},"5":{"name":"(anonymous_5)","decl":{"start":{"line":45,"column":51},"end":{"line":45,"column":52}},"loc":{"start":{"line":46,"column":10},"end":{"line":46,"column":83}},"line":46}},"branchMap":{"0":{"loc":{"start":{"line":38,"column":4},"end":{"line":38,"column":42}},"type":"if","locations":[{"start":{"line":38,"column":4},"end":{"line":38,"column":42}},{"start":{"line":38,"column":4},"end":{"line":38,"column":42}}],"line":38}},"s":{"0":0,"1":0,"2":0,"3":0,"4":0,"5":0,"6":0,"7":0,"8":0},"f":{"0":0,"1":0,"2":0,"3":0,"4":0,"5":0},"b":{"0":[0,0]},"hash":"5f1576372578a3f9318d4df3a8271d0b38d81168"}
,"C:\\Users\\creek\\OneDrive\\Documents\\Compx341\\Assignment 4\\COMPX341-assignment-4\\assets\\src\\modules\\friends\\ProductRow.tsx": {"path":"C:\\Users\\creek\\OneDrive\\Documents\\Compx341\\Assignment 4\\COMPX341-assignment-4\\assets\\src\\modules\\friends\\ProductRow.tsx","statementMap":{"0":{"start":{"line":21,"column":4},"end":{"line":21,"column":17}},"1":{"start":{"line":23,"column":4},"end":{"line":25,"column":6}},"2":{"start":{"line":29,"column":4},"end":{"line":31,"column":36}},"3":{"start":{"line":30,"column":24},"end":{"line":30,"column":57}},"4":{"start":{"line":31,"column":22},"end":{"line":31,"column":34}},"5":{"start":{"line":35,"column":4},"end":{"line":35,"column":38}},"6":{"start":{"line":35,"column":26},"end":{"line":35,"column":38}},"7":{"start":{"line":37,"column":4},"end":{"line":57,"column":6}}},"fnMap":{"0":{"name":"(anonymous_0)","decl":{"start":{"line":20,"column":2},"end":{"line":20,"column":3}},"loc":{"start":{"line":20,"column":38},"end":{"line":26,"column":3}},"line":20},"1":{"name":"(anonymous_1)","decl":{"start":{"line":28,"column":2},"end":{"line":28,"column":3}},"loc":{"start":{"line":28,"column":22},"end":{"line":32,"column":3}},"line":28},"2":{"name":"(anonymous_2)","decl":{"start":{"line":30,"column":12},"end":{"line":30,"column":13}},"loc":{"start":{"line":30,"column":24},"end":{"line":30,"column":57}},"line":30},"3":{"name":"(anonymous_3)","decl":{"start":{"line":31,"column":13},"end":{"line":31,"column":14}},"loc":{"start":{"line":31,"column":22},"end":{"line":31,"column":34}},"line":31},"4":{"name":"(anonymous_4)","decl":{"start":{"line":34,"column":2},"end":{"line":34,"column":3}},"loc":{"start":{"line":34,"column":11},"end":{"line":58,"column":3}},"line":34}},"branchMap":{"0":{"loc":{"start":{"line":35,"column":4},"end":{"line":35,"column":38}},"type":"if","locations":[{"start":{"line":35,"column":4},"end":{"line":35,"column":38}},{"start":{"line":35,"column":4},"end":{"line":35,"column":38}}],"line":35}},"s":{"0":0,"1":0,"2":0,"3":0,"4":0,"5":0,"6":0,"7":0},"f":{"0":0,"1":0,"2":0,"3":0,"4":0},"b":{"0":[0,0]},"hash":"0a7ed2076293982044fe3cf220aa18fb7c1158e6"}
,"C:\\Users\\creek\\OneDrive\\Documents\\Compx341\\Assignment 4\\COMPX341-assignment-4\\assets\\src\\modules\\notFound\\NotFound.tsx": {"path":"C:\\Users\\creek\\OneDrive\\Documents\\Compx341\\Assignment 4\\COMPX341-assignment-4\\assets\\src\\modules\\notFound\\NotFound.tsx","statementMap":{"0":{"start":{"line":7,"column":2},"end":{"line":9,"column":8}}},"fnMap":{"0":{"name":"(anonymous_0)","decl":{"start":{"line":6,"column":15},"end":{"line":6,"column":16}},"loc":{"start":{"line":7,"column":2},"end":{"line":9,"column":8}},"line":7}},"branchMap":{},"s":{"0":0},"f":{"0":0},"b":{},"hash":"974530d4d64e96bb2922dc65728b3eee0c541402"}
,"C:\\Users\\creek\\OneDrive\\Documents\\Compx341\\Assignment 4\\COMPX341-assignment-4\\assets\\src\\modules\\pastPurchases\\PastPurchases.tsx": {"path":"C:\\Users\\creek\\OneDrive\\Documents\\Compx341\\Assignment 4\\COMPX341-assignment-4\\assets\\src\\modules\\pastPurchases\\PastPurchases.tsx","statementMap":{"0":{"start":{"line":29,"column":4},"end":{"line":29,"column":17}},"1":{"start":{"line":31,"column":4},"end":{"line":35,"column":6}},"2":{"start":{"line":39,"column":21},"end":{"line":39,"column":49}},"3":{"start":{"line":40,"column":4},"end":{"line":40,"column":31}},"4":{"start":{"line":42,"column":4},"end":{"line":50,"column":5}},"5":{"start":{"line":43,"column":21},"end":{"line":43,"column":44}},"6":{"start":{"line":44,"column":6},"end":{"line":47,"column":8}},"7":{"start":{"line":49,"column":6},"end":{"line":49,"column":15}},"8":{"start":{"line":54,"column":4},"end":{"line":54,"column":46}},"9":{"start":{"line":57,"column":18},"end":{"line":60,"column":3}},"10":{"start":{"line":58,"column":17},"end":{"line":58,"column":36}},"11":{"start":{"line":59,"column":4},"end":{"line":59,"column":147}},"12":{"start":{"line":63,"column":4},"end":{"line":90,"column":6}},"13":{"start":{"line":75,"column":38},"end":{"line":75,"column":73}},"14":{"start":{"line":77,"column":14},"end":{"line":80,"column":20}},"15":{"start":{"line":79,"column":43},"end":{"line":79,"column":97}}},"fnMap":{"0":{"name":"(anonymous_0)","decl":{"start":{"line":28,"column":2},"end":{"line":28,"column":3}},"loc":{"start":{"line":28,"column":41},"end":{"line":36,"column":3}},"line":28},"1":{"name":"(anonymous_1)","decl":{"start":{"line":38,"column":2},"end":{"line":38,"column":3}},"loc":{"start":{"line":38,"column":28},"end":{"line":51,"column":3}},"line":38},"2":{"name":"(anonymous_2)","decl":{"start":{"line":53,"column":2},"end":{"line":53,"column":3}},"loc":{"start":{"line":53,"column":15},"end":{"line":55,"column":3}},"line":53},"3":{"name":"(anonymous_3)","decl":{"start":{"line":57,"column":18},"end":{"line":57,"column":19}},"loc":{"start":{"line":57,"column":41},"end":{"line":60,"column":3}},"line":57},"4":{"name":"(anonymous_4)","decl":{"start":{"line":62,"column":2},"end":{"line":62,"column":3}},"loc":{"start":{"line":62,"column":11},"end":{"line":91,"column":3}},"line":62},"5":{"name":"(anonymous_5)","decl":{"start":{"line":75,"column":18},"end":{"line":75,"column":19}},"loc":{"start":{"line":75,"column":38},"end":{"line":75,"column":73}},"line":75},"6":{"name":"(anonymous_6)","decl":{"start":{"line":76,"column":17},"end":{"line":76,"column":18}},"loc":{"start":{"line":77,"column":14},"end":{"line":80,"column":20}},"line":77},"7":{"name":"(anonymous_7)","decl":{"start":{"line":79,"column":33},"end":{"line":79,"column":34}},"loc":{"start":{"line":79,"column":43},"end":{"line":79,"column":97}},"line":79}},"branchMap":{"0":{"loc":{"start":{"line":59,"column":92},"end":{"line":59,"column":125}},"type":"cond-expr","locations":[{"start":{"line":59,"column":117},"end":{"line":59,"column":120}},{"start":{"line":59,"column":123},"end":{"line":59,"column":125}}],"line":59},"1":{"loc":{"start":{"line":68,"column":11},"end":{"line":70,"column":16}},"type":"binary-expr","locations":[{"start":{"line":68,"column":11},"end":{"line":68,"column":30}},{"start":{"line":68,"column":34},"end":{"line":70,"column":16}}],"line":68},"2":{"loc":{"start":{"line":74,"column":11},"end":{"line":80,"column":21}},"type":"binary-expr","locations":[{"start":{"line":74,"column":11},"end":{"line":74,"column":32}},{"start":{"line":74,"column":36},"end":{"line":74,"column":53}},{"start":{"line":74,"column":57},"end":{"line":80,"column":21}}],"line":74}},"s":{"0":0,"1":0,"2":0,"3":0,"4":0,"5":0,"6":0,"7":0,"8":0,"9":0,"10":0,"11":0,"12":0,"13":0,"14":0,"15":0},"f":{"0":0,"1":0,"2":0,"3":0,"4":0,"5":0,"6":0,"7":0},"b":{"0":[0,0],"1":[0,0],"2":[0,0,0]},"hash":"2119f6225dcdca3185f4e688b73b96b1e17dbebc"}
,"C:\\Users\\creek\\OneDrive\\Documents\\Compx341\\Assignment 4\\COMPX341-assignment-4\\assets\\src\\modules\\pastPurchases\\PurchasedProductRow.tsx": {"path":"C:\\Users\\creek\\OneDrive\\Documents\\Compx341\\Assignment 4\\COMPX341-assignment-4\\assets\\src\\modules\\pastPurchases\\PurchasedProductRow.tsx","statementMap":{"0":{"start":{"line":22,"column":4},"end":{"line":22,"column":17}},"1":{"start":{"line":24,"column":4},"end":{"line":26,"column":6}},"2":{"start":{"line":30,"column":4},"end":{"line":35,"column":5}},"3":{"start":{"line":31,"column":19},"end":{"line":31,"column":55}},"4":{"start":{"line":32,"column":6},"end":{"line":32,"column":30}},"5":{"start":{"line":34,"column":6},"end":{"line":34,"column":15}},"6":{"start":{"line":39,"column":4},"end":{"line":39,"column":60}},"7":{"start":{"line":43,"column":4},"end":{"line":53,"column":5}},"8":{"start":{"line":44,"column":6},"end":{"line":52,"column":8}},"9":{"start":{"line":55,"column":4},"end":{"line":77,"column":6}}},"fnMap":{"0":{"name":"(anonymous_0)","decl":{"start":{"line":21,"column":2},"end":{"line":21,"column":3}},"loc":{"start":{"line":21,"column":47},"end":{"line":27,"column":3}},"line":21},"1":{"name":"(anonymous_1)","decl":{"start":{"line":29,"column":2},"end":{"line":29,"column":3}},"loc":{"start":{"line":29,"column":28},"end":{"line":36,"column":3}},"line":29},"2":{"name":"(anonymous_2)","decl":{"start":{"line":38,"column":2},"end":{"line":38,"column":3}},"loc":{"start":{"line":38,"column":24},"end":{"line":40,"column":3}},"line":38},"3":{"name":"(anonymous_3)","decl":{"start":{"line":42,"column":2},"end":{"line":42,"column":3}},"loc":{"start":{"line":42,"column":11},"end":{"line":78,"column":3}},"line":42}},"branchMap":{"0":{"loc":{"start":{"line":43,"column":4},"end":{"line":53,"column":5}},"type":"if","locations":[{"start":{"line":43,"column":4},"end":{"line":53,"column":5}},{"start":{"line":43,"column":4},"end":{"line":53,"column":5}}],"line":43}},"s":{"0":0,"1":0,"2":0,"3":0,"4":0,"5":0,"6":0,"7":0,"8":0,"9":0},"f":{"0":0,"1":0,"2":0,"3":0},"b":{"0":[0,0]},"hash":"93ed1fd5698de0ac08e89dac7de78deeb35fc0e1"}
,"C:\\Users\\creek\\OneDrive\\Documents\\Compx341\\Assignment 4\\COMPX341-assignment-4\\assets\\src\\modules\\search\\SearchGallery.tsx": {"path":"C:\\Users\\creek\\OneDrive\\Documents\\Compx341\\Assignment 4\\COMPX341-assignment-4\\assets\\src\\modules\\search\\SearchGallery.tsx","statementMap":{"0":{"start":{"line":20,"column":4},"end":{"line":20,"column":17}},"1":{"start":{"line":22,"column":4},"end":{"line":25,"column":6}},"2":{"start":{"line":29,"column":4},"end":{"line":52,"column":5}},"3":{"start":{"line":30,"column":28},"end":{"line":30,"column":52}},"4":{"start":{"line":33,"column":20},"end":{"line":33,"column":22}},"5":{"start":{"line":34,"column":6},"end":{"line":45,"column":7}},"6":{"start":{"line":34,"column":19},"end":{"line":34,"column":20}},"7":{"start":{"line":35,"column":18},"end":{"line":35,"column":82}},"8":{"start":{"line":36,"column":8},"end":{"line":44,"column":11}},"9":{"start":{"line":47,"column":6},"end":{"line":49,"column":9}},"10":{"start":{"line":51,"column":6},"end":{"line":51,"column":15}},"11":{"start":{"line":54,"column":4},"end":{"line":54,"column":40}},"12":{"start":{"line":58,"column":4},"end":{"line":58,"column":78}},"13":{"start":{"line":62,"column":4},"end":{"line":74,"column":6}},"14":{"start":{"line":69,"column":44},"end":{"line":69,"column":93}}},"fnMap":{"0":{"name":"(anonymous_0)","decl":{"start":{"line":19,"column":2},"end":{"line":19,"column":3}},"loc":{"start":{"line":19,"column":41},"end":{"line":26,"column":3}},"line":19},"1":{"name":"(anonymous_1)","decl":{"start":{"line":28,"column":2},"end":{"line":28,"column":3}},"loc":{"start":{"line":28,"column":28},"end":{"line":55,"column":3}},"line":28},"2":{"name":"(anonymous_2)","decl":{"start":{"line":57,"column":2},"end":{"line":57,"column":3}},"loc":{"start":{"line":57,"column":16},"end":{"line":59,"column":3}},"line":57},"3":{"name":"(anonymous_3)","decl":{"start":{"line":61,"column":2},"end":{"line":61,"column":3}},"loc":{"start":{"line":61,"column":11},"end":{"line":75,"column":3}},"line":61},"4":{"name":"(anonymous_4)","decl":{"start":{"line":69,"column":36},"end":{"line":69,"column":37}},"loc":{"start":{"line":69,"column":44},"end":{"line":69,"column":93}},"line":69}},"branchMap":{"0":{"loc":{"start":{"line":35,"column":18},"end":{"line":35,"column":82}},"type":"binary-expr","locations":[{"start":{"line":35,"column":18},"end":{"line":35,"column":44}},{"start":{"line":35,"column":48},"end":{"line":35,"column":82}}],"line":35},"1":{"loc":{"start":{"line":36,"column":8},"end":{"line":44,"column":10}},"type":"binary-expr","locations":[{"start":{"line":36,"column":8},"end":{"line":36,"column":11}},{"start":{"line":36,"column":15},"end":{"line":44,"column":10}}],"line":36},"2":{"loc":{"start":{"line":63,"column":6},"end":{"line":73,"column":12}},"type":"cond-expr","locations":[{"start":{"line":63,"column":29},"end":{"line":63,"column":55}},{"start":{"line":64,"column":6},"end":{"line":73,"column":12}}],"line":63}},"s":{"0":0,"1":0,"2":0,"3":0,"4":0,"5":0,"6":0,"7":0,"8":0,"9":0,"10":0,"11":0,"12":0,"13":0,"14":0},"f":{"0":0,"1":0,"2":0,"3":0,"4":0},"b":{"0":[0,0],"1":[0,0],"2":[0,0]},"hash":"13561e084d171714208949679f17e32fd8aefca8"}
,"C:\\Users\\creek\\OneDrive\\Documents\\Compx341\\Assignment 4\\COMPX341-assignment-4\\assets\\src\\modules\\search\\SearchView.tsx": {"path":"C:\\Users\\creek\\OneDrive\\Documents\\Compx341\\Assignment 4\\COMPX341-assignment-4\\assets\\src\\modules\\search\\SearchView.tsx","statementMap":{"0":{"start":{"line":14,"column":4},"end":{"line":20,"column":6}}},"fnMap":{"0":{"name":"(anonymous_0)","decl":{"start":{"line":13,"column":2},"end":{"line":13,"column":3}},"loc":{"start":{"line":13,"column":11},"end":{"line":21,"column":3}},"line":13}},"branchMap":{},"s":{"0":0},"f":{"0":0},"b":{},"hash":"8824e680dcedc1f4fa8d3426c11e47cf3e5c712b"}
,"C:\\Users\\creek\\OneDrive\\Documents\\Compx341\\Assignment 4\\COMPX341-assignment-4\\assets\\src\\modules\\search\\searchBar\\SearchBar.tsx": {"path":"C:\\Users\\creek\\OneDrive\\Documents\\Compx341\\Assignment 4\\COMPX341-assignment-4\\assets\\src\\modules\\search\\searchBar\\SearchBar.tsx","statementMap":{"0":{"start":{"line":16,"column":4},"end":{"line":16,"column":17}},"1":{"start":{"line":18,"column":4},"end":{"line":21,"column":6}},"2":{"start":{"line":24,"column":17},"end":{"line":27,"column":3}},"3":{"start":{"line":25,"column":19},"end":{"line":25,"column":58}},"4":{"start":{"line":26,"column":4},"end":{"line":26,"column":43}},"5":{"start":{"line":29,"column":13},"end":{"line":33,"column":3}},"6":{"start":{"line":30,"column":4},"end":{"line":32,"column":7}},"7":{"start":{"line":36,"column":4},"end":{"line":56,"column":6}}},"fnMap":{"0":{"name":"(anonymous_0)","decl":{"start":{"line":15,"column":2},"end":{"line":15,"column":3}},"loc":{"start":{"line":15,"column":37},"end":{"line":22,"column":3}},"line":15},"1":{"name":"(anonymous_1)","decl":{"start":{"line":24,"column":17},"end":{"line":24,"column":18}},"loc":{"start":{"line":24,"column":47},"end":{"line":27,"column":3}},"line":24},"2":{"name":"(anonymous_2)","decl":{"start":{"line":29,"column":13},"end":{"line":29,"column":14}},"loc":{"start":{"line":29,"column":19},"end":{"line":33,"column":3}},"line":29},"3":{"name":"(anonymous_3)","decl":{"start":{"line":35,"column":2},"end":{"line":35,"column":3}},"loc":{"start":{"line":35,"column":11},"end":{"line":57,"column":3}},"line":35}},"branchMap":{"0":{"loc":{"start":{"line":47,"column":17},"end":{"line":47,"column":77}},"type":"binary-expr","locations":[{"start":{"line":47,"column":17},"end":{"line":47,"column":36}},{"start":{"line":47,"column":40},"end":{"line":47,"column":77}}],"line":47}},"s":{"0":0,"1":0,"2":0,"3":0,"4":0,"5":0,"6":0,"7":0},"f":{"0":0,"1":0,"2":0,"3":0},"b":{"0":[0,0]},"_coverageSchema":"43e27e138ebf9cfc5966b082cf9a028302ed4184","hash":"fa716e28db8f27e5441bc052054e62069ff2c427"}
,"C:\\Users\\creek\\OneDrive\\Documents\\Compx341\\Assignment 4\\COMPX341-assignment-4\\assets\\src\\modules\\signup\\Home.tsx": {"path":"C:\\Users\\creek\\OneDrive\\Documents\\Compx341\\Assignment 4\\COMPX341-assignment-4\\assets\\src\\modules\\signup\\Home.tsx","statementMap":{"0":{"start":{"line":27,"column":4},"end":{"line":27,"column":17}},"1":{"start":{"line":29,"column":4},"end":{"line":31,"column":6}},"2":{"start":{"line":35,"column":4},"end":{"line":37,"column":5}},"3":{"start":{"line":36,"column":6},"end":{"line":36,"column":13}},"4":{"start":{"line":39,"column":4},"end":{"line":39,"column":40}},"5":{"start":{"line":43,"column":4},"end":{"line":94,"column":12}},"6":{"start":{"line":98,"column":4},"end":{"line":130,"column":6}},"7":{"start":{"line":134,"column":4},"end":{"line":138,"column":6}}},"fnMap":{"0":{"name":"(anonymous_0)","decl":{"start":{"line":26,"column":2},"end":{"line":26,"column":3}},"loc":{"start":{"line":26,"column":32},"end":{"line":32,"column":3}},"line":26},"1":{"name":"(anonymous_1)","decl":{"start":{"line":34,"column":2},"end":{"line":34,"column":3}},"loc":{"start":{"line":34,"column":28},"end":{"line":40,"column":3}},"line":34},"2":{"name":"(anonymous_2)","decl":{"start":{"line":42,"column":2},"end":{"line":42,"column":3}},"loc":{"start":{"line":42,"column":18},"end":{"line":95,"column":3}},"line":42},"3":{"name":"(anonymous_3)","decl":{"start":{"line":97,"column":2},"end":{"line":97,"column":3}},"loc":{"start":{"line":97,"column":15},"end":{"line":131,"column":3}},"line":97},"4":{"name":"(anonymous_4)","decl":{"start":{"line":133,"column":2},"end":{"line":133,"column":3}},"loc":{"start":{"line":133,"column":11},"end":{"line":139,"column":3}},"line":133}},"branchMap":{"0":{"loc":{"start":{"line":35,"column":4},"end":{"line":37,"column":5}},"type":"if","locations":[{"start":{"line":35,"column":4},"end":{"line":37,"column":5}},{"start":{"line":35,"column":4},"end":{"line":37,"column":5}}],"line":35},"1":{"loc":{"start":{"line":136,"column":9},"end":{"line":136,"column":78}},"type":"cond-expr","locations":[{"start":{"line":136,"column":38},"end":{"line":136,"column":55}},{"start":{"line":136,"column":58},"end":{"line":136,"column":78}}],"line":136}},"s":{"0":0,"1":0,"2":0,"3":0,"4":0,"5":0,"6":0,"7":0},"f":{"0":0,"1":0,"2":0,"3":0,"4":0},"b":{"0":[0,0],"1":[0,0]},"hash":"27266f255abdbd4575438edcd767997cc8acabee"}
,"C:\\Users\\creek\\OneDrive\\Documents\\Compx341\\Assignment 4\\COMPX341-assignment-4\\assets\\src\\modules\\signup\\Login.tsx": {"path":"C:\\Users\\creek\\OneDrive\\Documents\\Compx341\\Assignment 4\\COMPX341-assignment-4\\assets\\src\\modules\\signup\\Login.tsx","statementMap":{"0":{"start":{"line":9,"column":19},"end":{"line":9,"column":172}},"1":{"start":{"line":27,"column":4},"end":{"line":27,"column":17}},"2":{"start":{"line":29,"column":4},"end":{"line":36,"column":6}},"3":{"start":{"line":39,"column":18},"end":{"line":45,"column":3}},"4":{"start":{"line":40,"column":19},"end":{"line":40,"column":51}},"5":{"start":{"line":41,"column":4},"end":{"line":44,"column":7}},"6":{"start":{"line":47,"column":21},"end":{"line":53,"column":3}},"7":{"start":{"line":48,"column":19},"end":{"line":48,"column":51}},"8":{"start":{"line":49,"column":4},"end":{"line":52,"column":7}},"9":{"start":{"line":55,"column":12},"end":{"line":67,"column":3}},"10":{"start":{"line":56,"column":4},"end":{"line":56,"column":27}},"11":{"start":{"line":57,"column":4},"end":{"line":57,"column":37}},"12":{"start":{"line":59,"column":4},"end":{"line":66,"column":5}},"13":{"start":{"line":60,"column":6},"end":{"line":60,"column":63}},"14":{"start":{"line":61,"column":6},"end":{"line":61,"column":44}},"15":{"start":{"line":62,"column":6},"end":{"line":62,"column":39}},"16":{"start":{"line":64,"column":6},"end":{"line":64,"column":23}},"17":{"start":{"line":65,"column":6},"end":{"line":65,"column":40}},"18":{"start":{"line":70,"column":4},"end":{"line":70,"column":55}},"19":{"start":{"line":70,"column":29},"end":{"line":70,"column":55}},"20":{"start":{"line":72,"column":4},"end":{"line":104,"column":6}}},"fnMap":{"0":{"name":"(anonymous_0)","decl":{"start":{"line":26,"column":2},"end":{"line":26,"column":3}},"loc":{"start":{"line":26,"column":33},"end":{"line":37,"column":3}},"line":26},"1":{"name":"(anonymous_1)","decl":{"start":{"line":39,"column":18},"end":{"line":39,"column":19}},"loc":{"start":{"line":39,"column":59},"end":{"line":45,"column":3}},"line":39},"2":{"name":"(anonymous_2)","decl":{"start":{"line":47,"column":21},"end":{"line":47,"column":22}},"loc":{"start":{"line":47,"column":62},"end":{"line":53,"column":3}},"line":47},"3":{"name":"(anonymous_3)","decl":{"start":{"line":55,"column":12},"end":{"line":55,"column":13}},"loc":{"start":{"line":55,"column":63},"end":{"line":67,"column":3}},"line":55},"4":{"name":"(anonymous_4)","decl":{"start":{"line":69,"column":2},"end":{"line":69,"column":3}},"loc":{"start":{"line":69,"column":11},"end":{"line":105,"column":3}},"line":69}},"branchMap":{"0":{"loc":{"start":{"line":43,"column":18},"end":{"line":43,"column":83}},"type":"cond-expr","locations":[{"start":{"line":43,"column":64},"end":{"line":43,"column":73}},{"start":{"line":43,"column":76},"end":{"line":43,"column":83}}],"line":43},"1":{"loc":{"start":{"line":51,"column":21},"end":{"line":51,"column":66}},"type":"cond-expr","locations":[{"start":{"line":51,"column":47},"end":{"line":51,"column":54}},{"start":{"line":51,"column":57},"end":{"line":51,"column":66}}],"line":51},"2":{"loc":{"start":{"line":70,"column":4},"end":{"line":70,"column":55}},"type":"if","locations":[{"start":{"line":70,"column":4},"end":{"line":70,"column":55}},{"start":{"line":70,"column":4},"end":{"line":70,"column":55}}],"line":70},"3":{"loc":{"start":{"line":99,"column":22},"end":{"line":99,"column":99}},"type":"binary-expr","locations":[{"start":{"line":99,"column":22},"end":{"line":99,"column":60}},{"start":{"line":99,"column":64},"end":{"line":99,"column":99}}],"line":99},"4":{"loc":{"start":{"line":100,"column":13},"end":{"line":100,"column":85}},"type":"binary-expr","locations":[{"start":{"line":100,"column":13},"end":{"line":100,"column":31}},{"start":{"line":100,"column":35},"end":{"line":100,"column":85}}],"line":100}},"s":{"0":0,"1":0,"2":0,"3":0,"4":0,"5":0,"6":0,"7":0,"8":0,"9":0,"10":0,"11":0,"12":0,"13":0,"14":0,"15":0,"16":0,"17":0,"18":0,"19":0,"20":0},"f":{"0":0,"1":0,"2":0,"3":0,"4":0},"b":{"0":[0,0],"1":[0,0],"2":[0,0],"3":[0,0],"4":[0,0]},"hash":"b5e562a26e8627bf07b8445833cccb7eeeda9025"}
,"C:\\Users\\creek\\OneDrive\\Documents\\Compx341\\Assignment 4\\COMPX341-assignment-4\\assets\\src\\modules\\signup\\Signup.tsx": {"path":"C:\\Users\\creek\\OneDrive\\Documents\\Compx341\\Assignment 4\\COMPX341-assignment-4\\assets\\src\\modules\\signup\\Signup.tsx","statementMap":{"0":{"start":{"line":10,"column":19},"end":{"line":10,"column":172}},"1":{"start":{"line":33,"column":4},"end":{"line":33,"column":17}},"2":{"start":{"line":35,"column":4},"end":{"line":47,"column":6}},"3":{"start":{"line":50,"column":18},"end":{"line":56,"column":3}},"4":{"start":{"line":51,"column":19},"end":{"line":51,"column":51}},"5":{"start":{"line":52,"column":4},"end":{"line":55,"column":7}},"6":{"start":{"line":58,"column":21},"end":{"line":64,"column":3}},"7":{"start":{"line":59,"column":19},"end":{"line":59,"column":51}},"8":{"start":{"line":60,"column":4},"end":{"line":63,"column":7}},"9":{"start":{"line":66,"column":28},"end":{"line":72,"column":3}},"10":{"start":{"line":67,"column":19},"end":{"line":67,"column":51}},"11":{"start":{"line":68,"column":4},"end":{"line":71,"column":7}},"12":{"start":{"line":74,"column":29},"end":{"line":80,"column":3}},"13":{"start":{"line":75,"column":19},"end":{"line":75,"column":51}},"14":{"start":{"line":76,"column":4},"end":{"line":79,"column":7}},"15":{"start":{"line":82,"column":13},"end":{"line":96,"column":3}},"16":{"start":{"line":83,"column":4},"end":{"line":83,"column":27}},"17":{"start":{"line":84,"column":4},"end":{"line":84,"column":37}},"18":{"start":{"line":86,"column":4},"end":{"line":95,"column":5}},"19":{"start":{"line":87,"column":19},"end":{"line":90,"column":8}},"20":{"start":{"line":91,"column":6},"end":{"line":91,"column":46}},"21":{"start":{"line":93,"column":6},"end":{"line":93,"column":23}},"22":{"start":{"line":94,"column":6},"end":{"line":94,"column":40}},"23":{"start":{"line":98,"column":14},"end":{"line":111,"column":3}},"24":{"start":{"line":99,"column":4},"end":{"line":99,"column":27}},"25":{"start":{"line":100,"column":4},"end":{"line":100,"column":37}},"26":{"start":{"line":102,"column":4},"end":{"line":110,"column":5}},"27":{"start":{"line":103,"column":6},"end":{"line":103,"column":78}},"28":{"start":{"line":104,"column":6},"end":{"line":104,"column":63}},"29":{"start":{"line":105,"column":6},"end":{"line":105,"column":44}},"30":{"start":{"line":106,"column":6},"end":{"line":106,"column":39}},"31":{"start":{"line":108,"column":6},"end":{"line":108,"column":23}},"32":{"start":{"line":109,"column":6},"end":{"line":109,"column":40}},"33":{"start":{"line":113,"column":25},"end":{"line":138,"column":3}},"34":{"start":{"line":114,"column":4},"end":{"line":114,"column":55}},"35":{"start":{"line":114,"column":29},"end":{"line":114,"column":55}},"36":{"start":{"line":116,"column":4},"end":{"line":137,"column":6}},"37":{"start":{"line":140,"column":19},"end":{"line":183,"column":3}},"38":{"start":{"line":141,"column":4},"end":{"line":182,"column":6}},"39":{"start":{"line":186,"column":4},"end":{"line":190,"column":6}}},"fnMap":{"0":{"name":"(anonymous_0)","decl":{"start":{"line":32,"column":2},"end":{"line":32,"column":3}},"loc":{"start":{"line":32,"column":34},"end":{"line":48,"column":3}},"line":32},"1":{"name":"(anonymous_1)","decl":{"start":{"line":50,"column":18},"end":{"line":50,"column":19}},"loc":{"start":{"line":50,"column":59},"end":{"line":56,"column":3}},"line":50},"2":{"name":"(anonymous_2)","decl":{"start":{"line":58,"column":21},"end":{"line":58,"column":22}},"loc":{"start":{"line":58,"column":62},"end":{"line":64,"column":3}},"line":58},"3":{"name":"(anonymous_3)","decl":{"start":{"line":66,"column":28},"end":{"line":66,"column":29}},"loc":{"start":{"line":66,"column":69},"end":{"line":72,"column":3}},"line":66},"4":{"name":"(anonymous_4)","decl":{"start":{"line":74,"column":29},"end":{"line":74,"column":30}},"loc":{"start":{"line":74,"column":70},"end":{"line":80,"column":3}},"line":74},"5":{"name":"(anonymous_5)","decl":{"start":{"line":82,"column":13},"end":{"line":82,"column":14}},"loc":{"start":{"line":82,"column":64},"end":{"line":96,"column":3}},"line":82},"6":{"name":"(anonymous_6)","decl":{"start":{"line":98,"column":14},"end":{"line":98,"column":15}},"loc":{"start":{"line":98,"column":65},"end":{"line":111,"column":3}},"line":98},"7":{"name":"(anonymous_7)","decl":{"start":{"line":113,"column":25},"end":{"line":113,"column":26}},"loc":{"start":{"line":113,"column":31},"end":{"line":138,"column":3}},"line":113},"8":{"name":"(anonymous_8)","decl":{"start":{"line":140,"column":19},"end":{"line":140,"column":20}},"loc":{"start":{"line":140,"column":25},"end":{"line":183,"column":3}},"line":140},"9":{"name":"(anonymous_9)","decl":{"start":{"line":185,"column":2},"end":{"line":185,"column":3}},"loc":{"start":{"line":185,"column":11},"end":{"line":191,"column":3}},"line":185}},"branchMap":{"0":{"loc":{"start":{"line":54,"column":18},"end":{"line":54,"column":83}},"type":"cond-expr","locations":[{"start":{"line":54,"column":64},"end":{"line":54,"column":73}},{"start":{"line":54,"column":76},"end":{"line":54,"column":83}}],"line":54},"1":{"loc":{"start":{"line":62,"column":21},"end":{"line":62,"column":66}},"type":"cond-expr","locations":[{"start":{"line":62,"column":47},"end":{"line":62,"column":54}},{"start":{"line":62,"column":57},"end":{"line":62,"column":66}}],"line":62},"2":{"loc":{"start":{"line":70,"column":28},"end":{"line":70,"column":86}},"type":"cond-expr","locations":[{"start":{"line":70,"column":67},"end":{"line":70,"column":74}},{"start":{"line":70,"column":77},"end":{"line":70,"column":86}}],"line":70},"3":{"loc":{"start":{"line":78,"column":29},"end":{"line":78,"column":74}},"type":"cond-expr","locations":[{"start":{"line":78,"column":55},"end":{"line":78,"column":62}},{"start":{"line":78,"column":65},"end":{"line":78,"column":74}}],"line":78},"4":{"loc":{"start":{"line":114,"column":4},"end":{"line":114,"column":55}},"type":"if","locations":[{"start":{"line":114,"column":4},"end":{"line":114,"column":55}},{"start":{"line":114,"column":4},"end":{"line":114,"column":55}}],"line":114},"5":{"loc":{"start":{"line":134,"column":11},"end":{"line":134,"column":83}},"type":"binary-expr","locations":[{"start":{"line":134,"column":11},"end":{"line":134,"column":29}},{"start":{"line":134,"column":33},"end":{"line":134,"column":83}}],"line":134},"6":{"loc":{"start":{"line":178,"column":20},"end":{"line":178,"column":146}},"type":"binary-expr","locations":[{"start":{"line":178,"column":20},"end":{"line":178,"column":58}},{"start":{"line":178,"column":62},"end":{"line":178,"column":107}},{"start":{"line":178,"column":111},"end":{"line":178,"column":146}}],"line":178},"7":{"loc":{"start":{"line":179,"column":11},"end":{"line":179,"column":83}},"type":"binary-expr","locations":[{"start":{"line":179,"column":11},"end":{"line":179,"column":29}},{"start":{"line":179,"column":33},"end":{"line":179,"column":83}}],"line":179},"8":{"loc":{"start":{"line":188,"column":9},"end":{"line":188,"column":92}},"type":"cond-expr","locations":[{"start":{"line":188,"column":41},"end":{"line":188,"column":62}},{"start":{"line":188,"column":65},"end":{"line":188,"column":92}}],"line":188}},"s":{"0":0,"1":0,"2":0,"3":0,"4":0,"5":0,"6":0,"7":0,"8":0,"9":0,"10":0,"11":0,"12":0,"13":0,"14":0,"15":0,"16":0,"17":0,"18":0,"19":0,"20":0,"21":0,"22":0,"23":0,"24":0,"25":0,"26":0,"27":0,"28":0,"29":0,"30":0,"31":0,"32":0,"33":0,"34":0,"35":0,"36":0,"37":0,"38":0,"39":0},"f":{"0":0,"1":0,"2":0,"3":0,"4":0,"5":0,"6":0,"7":0,"8":0,"9":0},"b":{"0":[0,0],"1":[0,0],"2":[0,0],"3":[0,0],"4":[0,0],"5":[0,0],"6":[0,0,0],"7":[0,0],"8":[0,0]},"hash":"68392d4568623beaab00d4af17452c6c1efc205d"}
}
